[ 2012-11-20T19:32:49+08:00 ] 127.0.0.1 /~chenyang/firstphpsite/
INFO: [ app_begin ] --START--
INFO: Run ReadHtmlCache Behavior [ RunTime:0.000389s ]
INFO: [ app_begin ] --END-- [ RunTime:0.000465s ]

[ 2012-11-20T19:44:09+08:00 ] 127.0.0.1 /~chenyang/firstphpsite/
INFO: [ app_begin ] --START--
INFO: Run ReadHtmlCache Behavior [ RunTime:0.000267s ]
INFO: [ app_begin ] --END-- [ RunTime:0.000345s ]
INFO: [ view_template ] --START--
INFO: Run LocationTemplate Behavior [ RunTime:-0.000431s ]
INFO: [ view_template ] --END-- [ RunTime:0.000217s ]
INFO: [ view_parse ] --START--
INFO: Run ParseTemplate Behavior [ RunTime:-0.000676s ]
INFO: [ view_parse ] --END-- [ RunTime:0.006414s ]
INFO: [ view_filter ] --START--
INFO: Run ContentReplace Behavior [ RunTime:-0.007122s ]
INFO: Run TokenBuild Behavior [ RunTime:-0.007505s ]
INFO: Run WriteHtmlCache Behavior [ RunTime:-0.007714s ]
INFO: Run ShowRuntime Behavior [ RunTime:-0.007845s ]
INFO: [ view_filter ] --END-- [ RunTime:0.001005s ]
INFO: [ view_end ] --START--
INFO: Run ShowPageTrace Behavior [ RunTime:-0.008175s ]
INFO: [ view_end ] --END-- [ RunTime:0.000320s ]

[ 2012-11-20T19:50:20+08:00 ] 127.0.0.1 /~chenyang/firstphpsite/
INFO: [ app_begin ] --START--
INFO: Run ReadHtmlCache Behavior [ RunTime:0.000246s ]
INFO: [ app_begin ] --END-- [ RunTime:0.000302s ]
INFO: [ view_template ] --START--
INFO: Run LocationTemplate Behavior [ RunTime:-0.000327s ]
INFO: [ view_template ] --END-- [ RunTime:0.000170s ]
INFO: [ view_parse ] --START--
INFO: Run ParseTemplate Behavior [ RunTime:-0.000517s ]
INFO: [ view_parse ] --END-- [ RunTime:0.005552s ]
INFO: [ view_filter ] --START--
INFO: Run ContentReplace Behavior [ RunTime:-0.006102s ]
INFO: Run TokenBuild Behavior [ RunTime:-0.006433s ]
INFO: Run WriteHtmlCache Behavior [ RunTime:-0.006641s ]
INFO: Run ShowRuntime Behavior [ RunTime:-0.006771s ]
INFO: [ view_filter ] --END-- [ RunTime:0.000943s ]
INFO: [ view_end ] --START--
INFO: Run ShowPageTrace Behavior [ RunTime:-0.007083s ]
INFO: [ view_end ] --END-- [ RunTime:0.000308s ]

