[ 2012-11-18T09:15:10+08:00 ] 127.0.0.1 /~chenyang/firstphpsite/fp-admin/index.php/index/login
INFO: [ route_check ] --START--
INFO: Run CheckRoute Behavior [ RunTime:0.000448s ]
INFO: [ route_check ] --END-- [ RunTime:0.000539s ]
INFO: [ app_begin ] --START--
INFO: Run ReadHtmlCache Behavior [ RunTime:-0.000304s ]
INFO: [ app_begin ] --END-- [ RunTime:0.000295s ]
NOTIC: [8] A session had already been started - ignoring session_start() /Users/chenyang/Sites/firstphpsite/fp-admin/Lib/Action/indexAction.class.php 第 12 行.
INFO: [ view_template ] --START--
INFO: Run LocationTemplate Behavior [ RunTime:-0.000970s ]
INFO: [ view_template ] --END-- [ RunTime:0.000179s ]
INFO: [ view_parse ] --START--
INFO: Run ParseTemplate Behavior [ RunTime:-0.001182s ]
INFO: [ view_parse ] --END-- [ RunTime:0.004706s ]
INFO: [ view_filter ] --START--
INFO: Run ContentReplace Behavior [ RunTime:-0.005907s ]
INFO: Run TokenBuild Behavior [ RunTime:-0.006152s ]
INFO: Run WriteHtmlCache Behavior [ RunTime:-0.006348s ]
INFO: Run ShowRuntime Behavior [ RunTime:-0.006470s ]
INFO: [ view_filter ] --END-- [ RunTime:0.000802s ]
INFO: [ view_end ] --START--
INFO: Run ShowPageTrace Behavior [ RunTime:-0.006762s ]
INFO: [ view_end ] --END-- [ RunTime:0.000321s ]

