[ 2012-11-17T17:06:47+08:00 ] 127.0.0.1 /~chenyang/firstphpsite/fp-admin/index.php/index/
INFO: [ route_check ] --START--
INFO: Run CheckRoute Behavior [ RunTime:0.001246s ]
INFO: [ route_check ] --END-- [ RunTime:0.001385s ]
INFO: [ app_begin ] --START--
INFO: Run ReadHtmlCache Behavior [ RunTime:-0.000964s ]
INFO: [ app_begin ] --END-- [ RunTime:0.000976s ]
INFO: [ view_template ] --START--
INFO: Run LocationTemplate Behavior [ RunTime:-0.018612s ]
INFO: [ view_template ] --END-- [ RunTime:0.015571s ]
INFO: [ view_parse ] --START--
NOTIC: [8] Undefined variable: loginFlag /Users/chenyang/Sites/firstphpsite/fp-admin/Runtime/Cache/fb2d4fa5a607e13993b284b510c7a660.php 第 40 行.
INFO: Run ParseTemplate Behavior [ RunTime:-0.034228s ]
INFO: [ view_parse ] --END-- [ RunTime:0.030164s ]
INFO: [ view_filter ] --START--
INFO: Run ContentReplace Behavior [ RunTime:-0.064431s ]
INFO: Run TokenBuild Behavior [ RunTime:-0.065222s ]
INFO: Run WriteHtmlCache Behavior [ RunTime:-0.090877s ]
INFO: Run ShowRuntime Behavior [ RunTime:-0.091686s ]
INFO: [ view_filter ] --END-- [ RunTime:0.028249s ]
INFO: [ view_end ] --START--
INFO: Run ShowPageTrace Behavior [ RunTime:-0.092781s ]
INFO: [ view_end ] --END-- [ RunTime:0.001205s ]

[ 2012-11-17T17:07:27+08:00 ] 127.0.0.1 /~chenyang/firstphpsite/fp-admin/index.php/index/login
INFO: [ route_check ] --START--
INFO: Run CheckRoute Behavior [ RunTime:0.000328s ]
INFO: [ route_check ] --END-- [ RunTime:0.000372s ]
INFO: [ app_begin ] --START--
INFO: Run ReadHtmlCache Behavior [ RunTime:-0.000171s ]
INFO: [ app_begin ] --END-- [ RunTime:0.000230s ]
INFO: [ view_template ] --START--
INFO: Run LocationTemplate Behavior [ RunTime:-0.000633s ]
INFO: [ view_template ] --END-- [ RunTime:0.000165s ]
INFO: [ view_parse ] --START--
INFO: Run ParseTemplate Behavior [ RunTime:-0.000822s ]
INFO: [ view_parse ] --END-- [ RunTime:0.007035s ]
INFO: [ view_filter ] --START--
INFO: Run ContentReplace Behavior [ RunTime:-0.007928s ]
INFO: Run TokenBuild Behavior [ RunTime:-0.008297s ]
INFO: Run WriteHtmlCache Behavior [ RunTime:-0.008635s ]
INFO: Run ShowRuntime Behavior [ RunTime:-0.008867s ]
INFO: [ view_filter ] --END-- [ RunTime:0.001315s ]
INFO: [ view_end ] --START--
INFO: Run ShowPageTrace Behavior [ RunTime:-0.009293s ]
INFO: [ view_end ] --END-- [ RunTime:0.000460s ]

[ 2012-11-17T19:41:22+08:00 ] 127.0.0.1 /~chenyang/firstphpsite/fp-admin/index.php/index/
INFO: [ route_check ] --START--
INFO: Run CheckRoute Behavior [ RunTime:0.000412s ]
INFO: [ route_check ] --END-- [ RunTime:0.000493s ]
INFO: [ app_begin ] --START--
INFO: Run ReadHtmlCache Behavior [ RunTime:-0.000322s ]
INFO: [ app_begin ] --END-- [ RunTime:0.000287s ]
INFO: [ view_template ] --START--
INFO: Run LocationTemplate Behavior [ RunTime:-0.000990s ]
INFO: [ view_template ] --END-- [ RunTime:0.000189s ]
INFO: [ view_parse ] --START--
NOTIC: [8] Undefined variable: loginFlag /Users/chenyang/Sites/firstphpsite/fp-admin/Runtime/Cache/fb2d4fa5a607e13993b284b510c7a660.php 第 40 行.
INFO: Run ParseTemplate Behavior [ RunTime:-0.001213s ]
INFO: [ view_parse ] --END-- [ RunTime:0.003884s ]
INFO: [ view_filter ] --START--
INFO: Run ContentReplace Behavior [ RunTime:-0.005115s ]
INFO: Run TokenBuild Behavior [ RunTime:-0.005326s ]
INFO: Run WriteHtmlCache Behavior [ RunTime:-0.005517s ]
INFO: Run ShowRuntime Behavior [ RunTime:-0.005625s ]
INFO: [ view_filter ] --END-- [ RunTime:0.000759s ]
INFO: [ view_end ] --START--
INFO: Run ShowPageTrace Behavior [ RunTime:-0.005919s ]
INFO: [ view_end ] --END-- [ RunTime:0.000312s ]

[ 2012-11-17T19:41:26+08:00 ] 127.0.0.1 /~chenyang/firstphpsite/fp-admin/index.php/index/login
INFO: [ route_check ] --START--
INFO: Run CheckRoute Behavior [ RunTime:0.000354s ]
INFO: [ route_check ] --END-- [ RunTime:0.000399s ]
INFO: [ app_begin ] --START--
INFO: Run ReadHtmlCache Behavior [ RunTime:-0.000178s ]
INFO: [ app_begin ] --END-- [ RunTime:0.000240s ]
NOTIC: [8] A session had already been started - ignoring session_start() /Users/chenyang/Sites/firstphpsite/fp-admin/Lib/Action/indexAction.class.php 第 12 行.
INFO: [ view_template ] --START--
INFO: Run LocationTemplate Behavior [ RunTime:-0.000693s ]
INFO: [ view_template ] --END-- [ RunTime:0.000170s ]
INFO: [ view_parse ] --START--
INFO: Run ParseTemplate Behavior [ RunTime:-0.000888s ]
INFO: [ view_parse ] --END-- [ RunTime:0.005594s ]
INFO: [ view_filter ] --START--
INFO: Run ContentReplace Behavior [ RunTime:-0.006512s ]
INFO: Run TokenBuild Behavior [ RunTime:-0.006732s ]
INFO: Run WriteHtmlCache Behavior [ RunTime:-0.006905s ]
INFO: Run ShowRuntime Behavior [ RunTime:-0.007023s ]
INFO: [ view_filter ] --END-- [ RunTime:0.000747s ]
INFO: [ view_end ] --START--
INFO: Run ShowPageTrace Behavior [ RunTime:-0.007296s ]
INFO: [ view_end ] --END-- [ RunTime:0.000296s ]

[ 2012-11-17T19:42:17+08:00 ] 127.0.0.1 /~chenyang/firstphpsite/fp-admin/index.php/index/login
INFO: [ route_check ] --START--
INFO: Run CheckRoute Behavior [ RunTime:0.000365s ]
INFO: [ route_check ] --END-- [ RunTime:0.000411s ]
INFO: [ app_begin ] --START--
INFO: Run ReadHtmlCache Behavior [ RunTime:-0.000179s ]
INFO: [ app_begin ] --END-- [ RunTime:0.000264s ]
NOTIC: [8] Undefined index: username /Users/chenyang/Sites/firstphpsite/fp-admin/Lib/Action/indexAction.class.php 第 9 行.
NOTIC: [8] Undefined index: password /Users/chenyang/Sites/firstphpsite/fp-admin/Lib/Action/indexAction.class.php 第 10 行.
INFO: [ view_template ] --START--
INFO: Run LocationTemplate Behavior [ RunTime:-0.000737s ]
INFO: [ view_template ] --END-- [ RunTime:0.000171s ]
INFO: [ view_parse ] --START--
INFO: Run ParseTemplate Behavior [ RunTime:-0.000933s ]
INFO: [ view_parse ] --END-- [ RunTime:0.003224s ]
INFO: [ view_filter ] --START--
INFO: Run ContentReplace Behavior [ RunTime:-0.004185s ]
INFO: Run TokenBuild Behavior [ RunTime:-0.004369s ]
INFO: Run WriteHtmlCache Behavior [ RunTime:-0.004546s ]
INFO: Run ShowRuntime Behavior [ RunTime:-0.004661s ]
INFO: [ view_filter ] --END-- [ RunTime:0.000699s ]
INFO: [ view_end ] --START--
INFO: Run ShowPageTrace Behavior [ RunTime:-0.004917s ]
INFO: [ view_end ] --END-- [ RunTime:0.000308s ]

[ 2012-11-17T19:42:22+08:00 ] 127.0.0.1 /~chenyang/firstphpsite/fp-admin/index.php/index/login
INFO: [ route_check ] --START--
INFO: Run CheckRoute Behavior [ RunTime:0.000338s ]
INFO: [ route_check ] --END-- [ RunTime:0.000387s ]
INFO: [ app_begin ] --START--
INFO: Run ReadHtmlCache Behavior [ RunTime:-0.000278s ]
INFO: [ app_begin ] --END-- [ RunTime:0.000358s ]
NOTIC: [8] A session had already been started - ignoring session_start() /Users/chenyang/Sites/firstphpsite/fp-admin/Lib/Action/indexAction.class.php 第 12 行.
INFO: [ view_template ] --START--
INFO: Run LocationTemplate Behavior [ RunTime:-0.000886s ]
INFO: [ view_template ] --END-- [ RunTime:0.000171s ]
INFO: [ view_parse ] --START--
INFO: Run ParseTemplate Behavior [ RunTime:-0.001082s ]
INFO: [ view_parse ] --END-- [ RunTime:0.004404s ]
INFO: [ view_filter ] --START--
INFO: Run ContentReplace Behavior [ RunTime:-0.005511s ]
INFO: Run TokenBuild Behavior [ RunTime:-0.005742s ]
INFO: Run WriteHtmlCache Behavior [ RunTime:-0.005917s ]
INFO: Run ShowRuntime Behavior [ RunTime:-0.006026s ]
INFO: [ view_filter ] --END-- [ RunTime:0.000753s ]
INFO: [ view_end ] --START--
INFO: Run ShowPageTrace Behavior [ RunTime:-0.006300s ]
INFO: [ view_end ] --END-- [ RunTime:0.000287s ]

[ 2012-11-17T19:45:21+08:00 ] 127.0.0.1 /~chenyang/firstphpsite/fp-admin/index.php/index/login
INFO: [ route_check ] --START--
INFO: Run CheckRoute Behavior [ RunTime:0.000352s ]
INFO: [ route_check ] --END-- [ RunTime:0.000396s ]
INFO: [ app_begin ] --START--
INFO: Run ReadHtmlCache Behavior [ RunTime:-0.000184s ]
INFO: [ app_begin ] --END-- [ RunTime:0.000255s ]
NOTIC: [8] A session had already been started - ignoring session_start() /Users/chenyang/Sites/firstphpsite/fp-admin/Lib/Action/indexAction.class.php 第 12 行.
INFO: [ view_template ] --START--
INFO: Run LocationTemplate Behavior [ RunTime:-0.000705s ]
INFO: [ view_template ] --END-- [ RunTime:0.000207s ]
INFO: [ view_parse ] --START--
INFO: Run ParseTemplate Behavior [ RunTime:-0.000937s ]
INFO: [ view_parse ] --END-- [ RunTime:0.004622s ]
INFO: [ view_filter ] --START--
INFO: Run ContentReplace Behavior [ RunTime:-0.005588s ]
INFO: Run TokenBuild Behavior [ RunTime:-0.005815s ]
INFO: Run WriteHtmlCache Behavior [ RunTime:-0.005993s ]
INFO: Run ShowRuntime Behavior [ RunTime:-0.006106s ]
INFO: [ view_filter ] --END-- [ RunTime:0.000765s ]
INFO: [ view_end ] --START--
INFO: Run ShowPageTrace Behavior [ RunTime:-0.006389s ]
INFO: [ view_end ] --END-- [ RunTime:0.000298s ]

[ 2012-11-17T19:46:06+08:00 ] 127.0.0.1 /~chenyang/firstphpsite/fp-admin/index.php/index/login
INFO: [ route_check ] --START--
INFO: Run CheckRoute Behavior [ RunTime:0.000367s ]
INFO: [ route_check ] --END-- [ RunTime:0.000415s ]
INFO: [ app_begin ] --START--
INFO: Run ReadHtmlCache Behavior [ RunTime:-0.000197s ]
INFO: [ app_begin ] --END-- [ RunTime:0.000263s ]
NOTIC: [8] A session had already been started - ignoring session_start() /Users/chenyang/Sites/firstphpsite/fp-admin/Lib/Action/indexAction.class.php 第 12 行.
INFO: [ view_template ] --START--
INFO: Run LocationTemplate Behavior [ RunTime:-0.000736s ]
INFO: [ view_template ] --END-- [ RunTime:0.000173s ]
INFO: [ view_parse ] --START--
INFO: Run ParseTemplate Behavior [ RunTime:-0.000937s ]
INFO: [ view_parse ] --END-- [ RunTime:0.246279s ]
INFO: [ view_filter ] --START--
INFO: Run ContentReplace Behavior [ RunTime:-0.247248s ]
INFO: Run TokenBuild Behavior [ RunTime:-0.247509s ]
INFO: Run WriteHtmlCache Behavior [ RunTime:-0.247697s ]
INFO: Run ShowRuntime Behavior [ RunTime:-0.247813s ]
INFO: [ view_filter ] --END-- [ RunTime:0.000811s ]
INFO: [ view_end ] --START--
INFO: Run ShowPageTrace Behavior [ RunTime:-0.248094s ]
INFO: [ view_end ] --END-- [ RunTime:0.000300s ]

[ 2012-11-17T23:19:40+08:00 ] 127.0.0.1 /~chenyang/firstphpsite/fp-admin/index.php/index/login
INFO: [ route_check ] --START--
INFO: Run CheckRoute Behavior [ RunTime:0.000417s ]
INFO: [ route_check ] --END-- [ RunTime:0.000497s ]
INFO: [ app_begin ] --START--
INFO: Run ReadHtmlCache Behavior [ RunTime:-0.000336s ]
INFO: [ app_begin ] --END-- [ RunTime:0.000298s ]
NOTIC: [8] Undefined index: username /Users/chenyang/Sites/firstphpsite/fp-admin/Lib/Action/indexAction.class.php 第 9 行.
NOTIC: [8] Undefined index: password /Users/chenyang/Sites/firstphpsite/fp-admin/Lib/Action/indexAction.class.php 第 10 行.
INFO: [ view_template ] --START--
INFO: Run LocationTemplate Behavior [ RunTime:-0.001041s ]
INFO: [ view_template ] --END-- [ RunTime:0.000201s ]
INFO: [ view_parse ] --START--
INFO: Run ParseTemplate Behavior [ RunTime:-0.001276s ]
INFO: [ view_parse ] --END-- [ RunTime:0.003987s ]
INFO: [ view_filter ] --START--
INFO: Run ContentReplace Behavior [ RunTime:-0.005294s ]
INFO: Run TokenBuild Behavior [ RunTime:-0.005497s ]
INFO: Run WriteHtmlCache Behavior [ RunTime:-0.005688s ]
INFO: Run ShowRuntime Behavior [ RunTime:-0.005810s ]
INFO: [ view_filter ] --END-- [ RunTime:0.000778s ]
INFO: [ view_end ] --START--
INFO: Run ShowPageTrace Behavior [ RunTime:-0.006114s ]
INFO: [ view_end ] --END-- [ RunTime:0.000341s ]

[ 2012-11-17T23:19:46+08:00 ] 127.0.0.1 /~chenyang/firstphpsite/fp-admin/index.php/index/login
INFO: [ route_check ] --START--
INFO: Run CheckRoute Behavior [ RunTime:0.000366s ]
INFO: [ route_check ] --END-- [ RunTime:0.000412s ]
INFO: [ app_begin ] --START--
INFO: Run ReadHtmlCache Behavior [ RunTime:-0.000189s ]
INFO: [ app_begin ] --END-- [ RunTime:0.000258s ]
INFO: [ view_template ] --START--
INFO: Run LocationTemplate Behavior [ RunTime:-0.000706s ]
INFO: [ view_template ] --END-- [ RunTime:0.000172s ]
INFO: [ view_parse ] --START--
INFO: Run ParseTemplate Behavior [ RunTime:-0.000903s ]
INFO: [ view_parse ] --END-- [ RunTime:0.003579s ]
INFO: [ view_filter ] --START--
INFO: Run ContentReplace Behavior [ RunTime:-0.004506s ]
INFO: Run TokenBuild Behavior [ RunTime:-0.004675s ]
INFO: Run WriteHtmlCache Behavior [ RunTime:-0.004870s ]
INFO: Run ShowRuntime Behavior [ RunTime:-0.004980s ]
INFO: [ view_filter ] --END-- [ RunTime:0.000694s ]
INFO: [ view_end ] --START--
INFO: Run ShowPageTrace Behavior [ RunTime:-0.005232s ]
INFO: [ view_end ] --END-- [ RunTime:0.000304s ]

