[ 2012-11-19T13:11:54+08:00 ] 0.0.0.0 /~chenyang/firstPhpSite/fp-admin/Index.php/Index/index
INFO: [ route_check ] --START--
INFO: Run CheckRoute Behavior [ RunTime:0.001211s ]
INFO: [ route_check ] --END-- [ RunTime:0.001367s ]
INFO: [ app_begin ] --START--
INFO: Run ReadHtmlCache Behavior [ RunTime:-0.000601s ]
INFO: [ app_begin ] --END-- [ RunTime:0.000954s ]
INFO: [ view_template ] --START--
INFO: Run LocationTemplate Behavior [ RunTime:-0.018227s ]
INFO: [ view_template ] --END-- [ RunTime:0.000907s ]
INFO: [ view_parse ] --START--
NOTIC: [8] Undefined variable: loginFlag /Users/chenyang/Sites/firstPhpSite/fp-admin/Runtime/Cache/cfe051ecf824f446d169ab7367abbb9d.php 第 40 行.
INFO: Run ParseTemplate Behavior [ RunTime:-0.019258s ]
INFO: [ view_parse ] --END-- [ RunTime:0.030704s ]
INFO: [ view_filter ] --START--
INFO: Run ContentReplace Behavior [ RunTime:-0.049951s ]
INFO: Run TokenBuild Behavior [ RunTime:-0.066908s ]
INFO: Run WriteHtmlCache Behavior [ RunTime:-0.101071s ]
INFO: Run ShowRuntime Behavior [ RunTime:-0.101664s ]
INFO: [ view_filter ] --END-- [ RunTime:0.052373s ]
INFO: [ view_end ] --START--
INFO: Run ShowPageTrace Behavior [ RunTime:-0.102373s ]
INFO: [ view_end ] --END-- [ RunTime:0.000753s ]

[ 2012-11-19T13:11:58+08:00 ] 0.0.0.0 /~chenyang/firstPhpSite/fp-admin/Index.php/Index/login
INFO: [ route_check ] --START--
INFO: Run CheckRoute Behavior [ RunTime:0.000354s ]
INFO: [ route_check ] --END-- [ RunTime:0.000403s ]
INFO: [ app_begin ] --START--
INFO: Run ReadHtmlCache Behavior [ RunTime:-0.000189s ]
INFO: [ app_begin ] --END-- [ RunTime:0.000254s ]
NOTIC: [8] A session had already been started - ignoring session_start() /Users/chenyang/Sites/firstPhpSite/fp-admin/Lib/Action/IndexAction.class.php 第 12 行.
INFO: [ view_template ] --START--
INFO: Run LocationTemplate Behavior [ RunTime:-0.000709s ]
INFO: [ view_template ] --END-- [ RunTime:0.000181s ]
INFO: [ view_parse ] --START--
INFO: Run ParseTemplate Behavior [ RunTime:-0.000916s ]
INFO: [ view_parse ] --END-- [ RunTime:0.004512s ]
INFO: [ view_filter ] --START--
INFO: Run ContentReplace Behavior [ RunTime:-0.005449s ]
INFO: Run TokenBuild Behavior [ RunTime:-0.005641s ]
INFO: Run WriteHtmlCache Behavior [ RunTime:-0.005808s ]
INFO: Run ShowRuntime Behavior [ RunTime:-0.005910s ]
INFO: [ view_filter ] --END-- [ RunTime:0.000686s ]
INFO: [ view_end ] --START--
INFO: Run ShowPageTrace Behavior [ RunTime:-0.006167s ]
INFO: [ view_end ] --END-- [ RunTime:0.000269s ]

