[ 2012-11-14T19:24:40+08:00 ] 0.0.0.0 /~chenyang/firstphpsite/fp-admin/
INFO: [ app_begin ] --START--
INFO: Run ReadHtmlCache Behavior [ RunTime:0.000461s ]
INFO: [ app_begin ] --END-- [ RunTime:0.000589s ]

[ 2012-11-14T19:31:56+08:00 ] 0.0.0.0 /~chenyang/firstphpsite/fp-admin/
INFO: [ app_begin ] --START--
INFO: Run ReadHtmlCache Behavior [ RunTime:0.000259s ]
INFO: [ app_begin ] --END-- [ RunTime:0.000314s ]
INFO: [ view_template ] --START--
INFO: Run LocationTemplate Behavior [ RunTime:-0.000273s ]
INFO: [ view_template ] --END-- [ RunTime:0.034241s ]
INFO: [ view_parse ] --START--
INFO: Run ParseTemplate Behavior [ RunTime:-0.034638s ]
INFO: [ view_parse ] --END-- [ RunTime:0.022479s ]
INFO: [ view_filter ] --START--
INFO: Run ContentReplace Behavior [ RunTime:-0.057146s ]
INFO: Run TokenBuild Behavior [ RunTime:-0.057925s ]
INFO: Run WriteHtmlCache Behavior [ RunTime:-0.090870s ]
INFO: Run ShowRuntime Behavior [ RunTime:-0.091845s ]
INFO: [ view_filter ] --END-- [ RunTime:0.035887s ]
INFO: [ view_end ] --START--
INFO: Run ShowPageTrace Behavior [ RunTime:-0.093137s ]
INFO: [ view_end ] --END-- [ RunTime:0.001119s ]

[ 2012-11-14T19:40:45+08:00 ] ERR: [64] Cannot redeclare load_runtime_file() (previously declared in /Users/chenyang/Sites/firstphpsite/ThinkPHP/Common/runtime.php:90) /Users/chenyang/Sites/firstphpsite/ThinkPHP/Common/runtime.php 第 115 行.
[ 2012-11-14T19:41:29+08:00 ] 0.0.0.0 /~chenyang/firstphpsite/fp-admin/
INFO: [ app_begin ] --START--
INFO: Run ReadHtmlCache Behavior [ RunTime:0.000226s ]
INFO: [ app_begin ] --END-- [ RunTime:0.000269s ]
INFO: [ view_template ] --START--
INFO: Run LocationTemplate Behavior [ RunTime:-0.000261s ]
INFO: [ view_template ] --END-- [ RunTime:0.000167s ]
INFO: [ view_parse ] --START--
INFO: Run ParseTemplate Behavior [ RunTime:-0.000449s ]
INFO: [ view_parse ] --END-- [ RunTime:0.002919s ]
INFO: [ view_filter ] --START--
INFO: Run ContentReplace Behavior [ RunTime:-0.003391s ]
INFO: Run TokenBuild Behavior [ RunTime:-0.003552s ]
INFO: Run WriteHtmlCache Behavior [ RunTime:-0.003724s ]
INFO: Run ShowRuntime Behavior [ RunTime:-0.003841s ]
INFO: [ view_filter ] --END-- [ RunTime:0.000684s ]
INFO: [ view_end ] --START--
INFO: Run ShowPageTrace Behavior [ RunTime:-0.004110s ]
INFO: [ view_end ] --END-- [ RunTime:0.000306s ]

[ 2012-11-14T19:53:36+08:00 ] 0.0.0.0 /~chenyang/firstphpsite/fp-admin/
INFO: [ app_begin ] --START--
INFO: Run ReadHtmlCache Behavior [ RunTime:0.000251s ]
INFO: [ app_begin ] --END-- [ RunTime:0.000295s ]
INFO: [ view_template ] --START--
INFO: Run LocationTemplate Behavior [ RunTime:-0.000273s ]
INFO: [ view_template ] --END-- [ RunTime:0.000173s ]
INFO: [ view_parse ] --START--
INFO: Run ParseTemplate Behavior [ RunTime:-0.000466s ]
INFO: [ view_parse ] --END-- [ RunTime:0.003071s ]
INFO: [ view_filter ] --START--
INFO: Run ContentReplace Behavior [ RunTime:-0.003568s ]
INFO: Run TokenBuild Behavior [ RunTime:-0.003763s ]
INFO: Run WriteHtmlCache Behavior [ RunTime:-0.003953s ]
INFO: Run ShowRuntime Behavior [ RunTime:-0.004079s ]
INFO: [ view_filter ] --END-- [ RunTime:0.000764s ]
INFO: [ view_end ] --START--
INFO: Run ShowPageTrace Behavior [ RunTime:-0.004373s ]
INFO: [ view_end ] --END-- [ RunTime:0.000324s ]

[ 2012-11-14T19:53:49+08:00 ] ERR: [4] parse error, expecting `']'' /Users/chenyang/Sites/firstphpsite/fp-admin/Runtime/Cache/30a96590668ee03c290f07ec8ee994e3.php 第 8 行.
[ 2012-11-14T19:53:49+08:00 ] 0.0.0.0 /~chenyang/firstphpsite/fp-admin/
INFO: [ app_begin ] --START--
INFO: Run ReadHtmlCache Behavior [ RunTime:0.000226s ]
INFO: [ app_begin ] --END-- [ RunTime:0.000269s ]
INFO: [ view_template ] --START--
INFO: Run LocationTemplate Behavior [ RunTime:-0.000256s ]
INFO: [ view_template ] --END-- [ RunTime:0.000175s ]
INFO: [ view_parse ] --START--
NOTIC: [2] ob_start(): output handler 'ob_gzhandler' cannot be used twice /Users/chenyang/Sites/firstphpsite/ThinkPHP/Lib/Core/Think.class.php 第 264 行.
NOTIC: [8] Undefined index: class /Users/chenyang/Sites/firstphpsite/ThinkPHP/Common/functions.php 第 39 行.
NOTIC: [8] Undefined index: type /Users/chenyang/Sites/firstphpsite/ThinkPHP/Common/functions.php 第 39 行.
NOTIC: [8] Undefined index: file /Users/chenyang/Sites/firstphpsite/ThinkPHP/Common/functions.php 第 38 行.
NOTIC: [8] Undefined index: line /Users/chenyang/Sites/firstphpsite/ThinkPHP/Common/functions.php 第 38 行.

[ 2012-11-14T19:54:15+08:00 ] ERR: [1] Cannot use object of type ThinkTemplate as array /Users/chenyang/Sites/firstphpsite/fp-admin/Runtime/Cache/30a96590668ee03c290f07ec8ee994e3.php 第 8 行.
[ 2012-11-14T19:55:20+08:00 ] 127.0.0.1 /~chenyang/firstphpsite/fp-admin/
INFO: [ app_begin ] --START--
INFO: Run ReadHtmlCache Behavior [ RunTime:0.000219s ]
INFO: [ app_begin ] --END-- [ RunTime:0.000261s ]
INFO: [ view_template ] --START--
INFO: Run LocationTemplate Behavior [ RunTime:-0.000313s ]
INFO: [ view_template ] --END-- [ RunTime:0.000167s ]
INFO: [ view_parse ] --START--
INFO: Run ParseTemplate Behavior [ RunTime:-0.000499s ]
INFO: [ view_parse ] --END-- [ RunTime:0.002850s ]
INFO: [ view_filter ] --START--
INFO: Run ContentReplace Behavior [ RunTime:-0.003370s ]
INFO: Run TokenBuild Behavior [ RunTime:-0.003543s ]
INFO: Run WriteHtmlCache Behavior [ RunTime:-0.003720s ]
INFO: Run ShowRuntime Behavior [ RunTime:-0.003837s ]
INFO: [ view_filter ] --END-- [ RunTime:0.000705s ]
INFO: [ view_end ] --START--
INFO: Run ShowPageTrace Behavior [ RunTime:-0.004112s ]
INFO: [ view_end ] --END-- [ RunTime:0.000309s ]

[ 2012-11-14T19:55:30+08:00 ] ERR: [1] Cannot use object of type ThinkTemplate as array /Users/chenyang/Sites/firstphpsite/fp-admin/Runtime/Cache/30a96590668ee03c290f07ec8ee994e3.php 第 8 行.
[ 2012-11-14T19:55:39+08:00 ] ERR: [1] Cannot use object of type ThinkTemplate as array /Users/chenyang/Sites/firstphpsite/fp-admin/Runtime/Cache/30a96590668ee03c290f07ec8ee994e3.php 第 8 行.
[ 2012-11-14T19:55:50+08:00 ] 127.0.0.1 /~chenyang/firstphpsite/fp-admin/
INFO: [ app_begin ] --START--
INFO: Run ReadHtmlCache Behavior [ RunTime:0.000223s ]
INFO: [ app_begin ] --END-- [ RunTime:0.000268s ]
INFO: [ view_template ] --START--
INFO: Run LocationTemplate Behavior [ RunTime:-0.000256s ]
INFO: [ view_template ] --END-- [ RunTime:0.000168s ]
INFO: [ view_parse ] --START--
INFO: Run ParseTemplate Behavior [ RunTime:-0.000446s ]
INFO: [ view_parse ] --END-- [ RunTime:0.002687s ]
INFO: [ view_filter ] --START--
INFO: Run ContentReplace Behavior [ RunTime:-0.003155s ]
INFO: Run TokenBuild Behavior [ RunTime:-0.003312s ]
INFO: Run WriteHtmlCache Behavior [ RunTime:-0.003480s ]
INFO: Run ShowRuntime Behavior [ RunTime:-0.003585s ]
INFO: [ view_filter ] --END-- [ RunTime:0.000638s ]
INFO: [ view_end ] --START--
INFO: Run ShowPageTrace Behavior [ RunTime:-0.003826s ]
INFO: [ view_end ] --END-- [ RunTime:0.000284s ]

[ 2012-11-14T19:55:53+08:00 ] 127.0.0.1 /~chenyang/firstphpsite/fp-admin/
INFO: [ app_begin ] --START--
INFO: Run ReadHtmlCache Behavior [ RunTime:0.000317s ]
INFO: [ app_begin ] --END-- [ RunTime:0.000376s ]
INFO: [ view_template ] --START--
INFO: Run LocationTemplate Behavior [ RunTime:-0.000364s ]
INFO: [ view_template ] --END-- [ RunTime:0.000217s ]
INFO: [ view_parse ] --START--
INFO: Run ParseTemplate Behavior [ RunTime:-0.000594s ]
INFO: [ view_parse ] --END-- [ RunTime:0.002790s ]
INFO: [ view_filter ] --START--
INFO: Run ContentReplace Behavior [ RunTime:-0.003407s ]
INFO: Run TokenBuild Behavior [ RunTime:-0.003564s ]
INFO: Run WriteHtmlCache Behavior [ RunTime:-0.003733s ]
INFO: Run ShowRuntime Behavior [ RunTime:-0.003852s ]
INFO: [ view_filter ] --END-- [ RunTime:0.000682s ]
INFO: [ view_end ] --START--
INFO: Run ShowPageTrace Behavior [ RunTime:-0.004127s ]
INFO: [ view_end ] --END-- [ RunTime:0.000304s ]

[ 2012-11-14T19:58:14+08:00 ] 127.0.0.1 /~chenyang/firstphpsite/fp-admin/
INFO: [ app_begin ] --START--
INFO: Run ReadHtmlCache Behavior [ RunTime:0.000254s ]
INFO: [ app_begin ] --END-- [ RunTime:0.000299s ]
NOTIC: [8] Undefined index: SITE_URL /Users/chenyang/Sites/firstphpsite/fp-admin/Lib/Action/IndexAction.class.php 第 5 行.

[ 2012-11-14T19:58:16+08:00 ] 127.0.0.1 /~chenyang/firstphpsite/fp-admin/
INFO: [ app_begin ] --START--
INFO: Run ReadHtmlCache Behavior [ RunTime:0.000218s ]
INFO: [ app_begin ] --END-- [ RunTime:0.000261s ]
NOTIC: [8] Undefined index: SITE_URL /Users/chenyang/Sites/firstphpsite/fp-admin/Lib/Action/IndexAction.class.php 第 5 行.

[ 2012-11-14T19:58:29+08:00 ] 127.0.0.1 /~chenyang/firstphpsite/fp-admin/
INFO: [ app_begin ] --START--
INFO: Run ReadHtmlCache Behavior [ RunTime:0.000219s ]
INFO: [ app_begin ] --END-- [ RunTime:0.000262s ]
NOTIC: [8] Undefined offset: 0 /Users/chenyang/Sites/firstphpsite/fp-admin/Lib/Action/IndexAction.class.php 第 5 行.

[ 2012-11-14T20:02:03+08:00 ] 127.0.0.1 /~chenyang/firstphpsite/fp-admin/
INFO: [ app_begin ] --START--
INFO: Run ReadHtmlCache Behavior [ RunTime:0.000261s ]
INFO: [ app_begin ] --END-- [ RunTime:0.000310s ]

[ 2012-11-14T20:04:35+08:00 ] 127.0.0.1 /~chenyang/firstphpsite/fp-admin/
INFO: [ app_begin ] --START--
INFO: Run ReadHtmlCache Behavior [ RunTime:0.000244s ]
INFO: [ app_begin ] --END-- [ RunTime:0.000289s ]

[ 2012-11-14T20:05:55+08:00 ] 127.0.0.1 /~chenyang/firstphpsite/fp-admin/
INFO: [ app_begin ] --START--
INFO: Run ReadHtmlCache Behavior [ RunTime:0.000240s ]
INFO: [ app_begin ] --END-- [ RunTime:0.000285s ]

[ 2012-11-14T20:14:40+08:00 ] 127.0.0.1 /~chenyang/firstphpsite/fp-admin/
INFO: [ app_begin ] --START--
INFO: Run ReadHtmlCache Behavior [ RunTime:0.000254s ]
INFO: [ app_begin ] --END-- [ RunTime:0.000299s ]
INFO: [ view_template ] --START--
INFO: Run LocationTemplate Behavior [ RunTime:-0.000271s ]
INFO: [ view_template ] --END-- [ RunTime:0.000176s ]
INFO: [ view_parse ] --START--
INFO: Run ParseTemplate Behavior [ RunTime:-0.000469s ]
INFO: [ view_parse ] --END-- [ RunTime:0.002885s ]
INFO: [ view_filter ] --START--
INFO: Run ContentReplace Behavior [ RunTime:-0.003376s ]
INFO: Run TokenBuild Behavior [ RunTime:-0.003536s ]
INFO: Run WriteHtmlCache Behavior [ RunTime:-0.003709s ]
INFO: Run ShowRuntime Behavior [ RunTime:-0.003826s ]
INFO: [ view_filter ] --END-- [ RunTime:0.000676s ]
INFO: [ view_end ] --START--
INFO: Run ShowPageTrace Behavior [ RunTime:-0.004087s ]
INFO: [ view_end ] --END-- [ RunTime:0.000299s ]

[ 2012-11-14T20:14:58+08:00 ] 127.0.0.1 /~chenyang/firstphpsite/fp-admin/
INFO: [ app_begin ] --START--
INFO: Run ReadHtmlCache Behavior [ RunTime:0.000274s ]
INFO: [ app_begin ] --END-- [ RunTime:0.000353s ]
NOTIC: [8] Use of undefined constant SITE_URL - assumed 'SITE_URL' /Users/chenyang/Sites/firstphpsite/ThinkPHP/Common/common.php 第 303 行.
INFO: [ view_template ] --START--
INFO: Run LocationTemplate Behavior [ RunTime:-0.000425s ]
INFO: [ view_template ] --END-- [ RunTime:0.000189s ]
INFO: [ view_parse ] --START--
INFO: Run ParseTemplate Behavior [ RunTime:-0.000643s ]
INFO: [ view_parse ] --END-- [ RunTime:0.003597s ]
INFO: [ view_filter ] --START--
INFO: Run ContentReplace Behavior [ RunTime:-0.004265s ]
INFO: Run TokenBuild Behavior [ RunTime:-0.004462s ]
INFO: Run WriteHtmlCache Behavior [ RunTime:-0.004639s ]
INFO: Run ShowRuntime Behavior [ RunTime:-0.004759s ]
INFO: [ view_filter ] --END-- [ RunTime:0.000748s ]
INFO: [ view_end ] --START--
INFO: Run ShowPageTrace Behavior [ RunTime:-0.005057s ]
INFO: [ view_end ] --END-- [ RunTime:0.000339s ]

[ 2012-11-14T20:15:08+08:00 ] ERR: [1] Cannot use object of type ThinkTemplate as array /Users/chenyang/Sites/firstphpsite/fp-admin/Runtime/Cache/30a96590668ee03c290f07ec8ee994e3.php 第 8 行.
[ 2012-11-14T20:15:24+08:00 ] ERR: [1] Cannot use object of type ThinkTemplate as array /Users/chenyang/Sites/firstphpsite/fp-admin/Runtime/Cache/30a96590668ee03c290f07ec8ee994e3.php 第 8 行.
[ 2012-11-14T20:15:36+08:00 ] 127.0.0.1 /~chenyang/firstphpsite/fp-admin/
INFO: [ app_begin ] --START--
INFO: Run ReadHtmlCache Behavior [ RunTime:0.000228s ]
INFO: [ app_begin ] --END-- [ RunTime:0.000272s ]
NOTIC: [8] Use of undefined constant SITE_URL - assumed 'SITE_URL' /Users/chenyang/Sites/firstphpsite/ThinkPHP/Common/common.php 第 303 行.
INFO: [ view_template ] --START--
INFO: Run LocationTemplate Behavior [ RunTime:-0.000271s ]
INFO: [ view_template ] --END-- [ RunTime:0.000163s ]
INFO: [ view_parse ] --START--
NOTIC: [8] Undefined property: ThinkTemplate::$site_url /Users/chenyang/Sites/firstphpsite/fp-admin/Runtime/Cache/30a96590668ee03c290f07ec8ee994e3.php 第 8 行.
INFO: Run ParseTemplate Behavior [ RunTime:-0.000455s ]
INFO: [ view_parse ] --END-- [ RunTime:0.003007s ]
INFO: [ view_filter ] --START--
INFO: Run ContentReplace Behavior [ RunTime:-0.003487s ]
INFO: Run TokenBuild Behavior [ RunTime:-0.003654s ]
INFO: Run WriteHtmlCache Behavior [ RunTime:-0.003829s ]
INFO: Run ShowRuntime Behavior [ RunTime:-0.003961s ]
INFO: [ view_filter ] --END-- [ RunTime:0.000714s ]
INFO: [ view_end ] --START--
INFO: Run ShowPageTrace Behavior [ RunTime:-0.004238s ]
INFO: [ view_end ] --END-- [ RunTime:0.000318s ]

[ 2012-11-14T20:15:38+08:00 ] 127.0.0.1 /~chenyang/firstphpsite/fp-admin/
INFO: [ app_begin ] --START--
INFO: Run ReadHtmlCache Behavior [ RunTime:0.000217s ]
INFO: [ app_begin ] --END-- [ RunTime:0.000259s ]
NOTIC: [8] Use of undefined constant SITE_URL - assumed 'SITE_URL' /Users/chenyang/Sites/firstphpsite/ThinkPHP/Common/common.php 第 303 行.
INFO: [ view_template ] --START--
INFO: Run LocationTemplate Behavior [ RunTime:-0.000267s ]
INFO: [ view_template ] --END-- [ RunTime:0.000162s ]
INFO: [ view_parse ] --START--
NOTIC: [8] Undefined property: ThinkTemplate::$site_url /Users/chenyang/Sites/firstphpsite/fp-admin/Runtime/Cache/30a96590668ee03c290f07ec8ee994e3.php 第 8 行.
INFO: Run ParseTemplate Behavior [ RunTime:-0.000450s ]
INFO: [ view_parse ] --END-- [ RunTime:0.002892s ]
INFO: [ view_filter ] --START--
INFO: Run ContentReplace Behavior [ RunTime:-0.003363s ]
INFO: Run TokenBuild Behavior [ RunTime:-0.003518s ]
INFO: Run WriteHtmlCache Behavior [ RunTime:-0.003683s ]
INFO: Run ShowRuntime Behavior [ RunTime:-0.003787s ]
INFO: [ view_filter ] --END-- [ RunTime:0.000629s ]
INFO: [ view_end ] --START--
INFO: Run ShowPageTrace Behavior [ RunTime:-0.004023s ]
INFO: [ view_end ] --END-- [ RunTime:0.000291s ]

[ 2012-11-14T20:16:13+08:00 ] 127.0.0.1 /~chenyang/firstphpsite/fp-admin/
INFO: [ app_begin ] --START--
INFO: Run ReadHtmlCache Behavior [ RunTime:0.000226s ]
INFO: [ app_begin ] --END-- [ RunTime:0.000270s ]
NOTIC: [8] Use of undefined constant SITE_URL - assumed 'SITE_URL' /Users/chenyang/Sites/firstphpsite/ThinkPHP/Common/common.php 第 303 行.
INFO: [ view_template ] --START--
INFO: Run LocationTemplate Behavior [ RunTime:-0.000305s ]
INFO: [ view_template ] --END-- [ RunTime:0.000182s ]
INFO: [ view_parse ] --START--
NOTIC: [8] Undefined property: ThinkTemplate::$site_url /Users/chenyang/Sites/firstphpsite/fp-admin/Runtime/Cache/30a96590668ee03c290f07ec8ee994e3.php 第 8 行.
INFO: Run ParseTemplate Behavior [ RunTime:-0.000510s ]
INFO: [ view_parse ] --END-- [ RunTime:0.002946s ]
INFO: [ view_filter ] --START--
INFO: Run ContentReplace Behavior [ RunTime:-0.003479s ]
INFO: Run TokenBuild Behavior [ RunTime:-0.003653s ]
INFO: Run WriteHtmlCache Behavior [ RunTime:-0.003840s ]
INFO: Run ShowRuntime Behavior [ RunTime:-0.003966s ]
INFO: [ view_filter ] --END-- [ RunTime:0.000714s ]
INFO: [ view_end ] --START--
INFO: Run ShowPageTrace Behavior [ RunTime:-0.004233s ]
INFO: [ view_end ] --END-- [ RunTime:0.000301s ]

[ 2012-11-14T20:17:27+08:00 ] 127.0.0.1 /~chenyang/firstphpsite/fp-admin/
INFO: [ app_begin ] --START--
INFO: Run ReadHtmlCache Behavior [ RunTime:0.000233s ]
INFO: [ app_begin ] --END-- [ RunTime:0.000278s ]
NOTIC: [8] Use of undefined constant SITE_URL - assumed 'SITE_URL' /Users/chenyang/Sites/firstphpsite/ThinkPHP/Common/common.php 第 303 行.
INFO: [ view_template ] --START--
INFO: Run LocationTemplate Behavior [ RunTime:-0.000291s ]
INFO: [ view_template ] --END-- [ RunTime:0.000173s ]
INFO: [ view_parse ] --START--
NOTIC: [8] Undefined variable: site_url /Users/chenyang/Sites/firstphpsite/fp-admin/Runtime/Cache/30a96590668ee03c290f07ec8ee994e3.php 第 8 行.
INFO: Run ParseTemplate Behavior [ RunTime:-0.000485s ]
INFO: [ view_parse ] --END-- [ RunTime:0.002909s ]
INFO: [ view_filter ] --START--
INFO: Run ContentReplace Behavior [ RunTime:-0.003415s ]
INFO: Run TokenBuild Behavior [ RunTime:-0.003587s ]
INFO: Run WriteHtmlCache Behavior [ RunTime:-0.003754s ]
INFO: Run ShowRuntime Behavior [ RunTime:-0.003881s ]
INFO: [ view_filter ] --END-- [ RunTime:0.000705s ]
INFO: [ view_end ] --START--
INFO: Run ShowPageTrace Behavior [ RunTime:-0.004153s ]
INFO: [ view_end ] --END-- [ RunTime:0.000293s ]

[ 2012-11-14T20:17:30+08:00 ] 127.0.0.1 /~chenyang/firstphpsite/fp-admin/
INFO: [ app_begin ] --START--
INFO: Run ReadHtmlCache Behavior [ RunTime:0.000227s ]
INFO: [ app_begin ] --END-- [ RunTime:0.000271s ]
NOTIC: [8] Use of undefined constant SITE_URL - assumed 'SITE_URL' /Users/chenyang/Sites/firstphpsite/ThinkPHP/Common/common.php 第 303 行.
INFO: [ view_template ] --START--
INFO: Run LocationTemplate Behavior [ RunTime:-0.000276s ]
INFO: [ view_template ] --END-- [ RunTime:0.000169s ]
INFO: [ view_parse ] --START--
NOTIC: [8] Undefined variable: site_url /Users/chenyang/Sites/firstphpsite/fp-admin/Runtime/Cache/30a96590668ee03c290f07ec8ee994e3.php 第 8 行.
INFO: Run ParseTemplate Behavior [ RunTime:-0.000466s ]
INFO: [ view_parse ] --END-- [ RunTime:0.002857s ]
INFO: [ view_filter ] --START--
INFO: Run ContentReplace Behavior [ RunTime:-0.003344s ]
INFO: Run TokenBuild Behavior [ RunTime:-0.003502s ]
INFO: Run WriteHtmlCache Behavior [ RunTime:-0.003675s ]
INFO: Run ShowRuntime Behavior [ RunTime:-0.003782s ]
INFO: [ view_filter ] --END-- [ RunTime:0.000643s ]
INFO: [ view_end ] --START--
INFO: Run ShowPageTrace Behavior [ RunTime:-0.004019s ]
INFO: [ view_end ] --END-- [ RunTime:0.000269s ]

[ 2012-11-14T20:17:34+08:00 ] 127.0.0.1 /~chenyang/firstphpsite/fp-admin/
INFO: [ app_begin ] --START--
INFO: Run ReadHtmlCache Behavior [ RunTime:0.000228s ]
INFO: [ app_begin ] --END-- [ RunTime:0.000272s ]
NOTIC: [8] Use of undefined constant SITE_URL - assumed 'SITE_URL' /Users/chenyang/Sites/firstphpsite/ThinkPHP/Common/common.php 第 303 行.
INFO: [ view_template ] --START--
INFO: Run LocationTemplate Behavior [ RunTime:-0.000298s ]
INFO: [ view_template ] --END-- [ RunTime:0.000162s ]
INFO: [ view_parse ] --START--
NOTIC: [8] Undefined variable: site_url /Users/chenyang/Sites/firstphpsite/fp-admin/Runtime/Cache/30a96590668ee03c290f07ec8ee994e3.php 第 8 行.
INFO: Run ParseTemplate Behavior [ RunTime:-0.000480s ]
INFO: [ view_parse ] --END-- [ RunTime:0.002770s ]
INFO: [ view_filter ] --START--
INFO: Run ContentReplace Behavior [ RunTime:-0.003282s ]
INFO: Run TokenBuild Behavior [ RunTime:-0.003434s ]
INFO: Run WriteHtmlCache Behavior [ RunTime:-0.003612s ]
INFO: Run ShowRuntime Behavior [ RunTime:-0.003730s ]
INFO: [ view_filter ] --END-- [ RunTime:0.000659s ]
INFO: [ view_end ] --START--
INFO: Run ShowPageTrace Behavior [ RunTime:-0.003972s ]
INFO: [ view_end ] --END-- [ RunTime:0.000278s ]

[ 2012-11-14T20:17:45+08:00 ] 127.0.0.1 /~chenyang/firstphpsite/fp-admin/
INFO: [ app_begin ] --START--
INFO: Run ReadHtmlCache Behavior [ RunTime:0.000224s ]
INFO: [ app_begin ] --END-- [ RunTime:0.000267s ]
NOTIC: [8] Use of undefined constant SITE_URL - assumed 'SITE_URL' /Users/chenyang/Sites/firstphpsite/ThinkPHP/Common/common.php 第 303 行.
INFO: [ view_template ] --START--
INFO: Run LocationTemplate Behavior [ RunTime:-0.000275s ]
INFO: [ view_template ] --END-- [ RunTime:0.000169s ]
INFO: [ view_parse ] --START--
NOTIC: [8] Undefined variable: site_url /Users/chenyang/Sites/firstphpsite/fp-admin/Runtime/Cache/30a96590668ee03c290f07ec8ee994e3.php 第 8 行.
INFO: Run ParseTemplate Behavior [ RunTime:-0.000466s ]
INFO: [ view_parse ] --END-- [ RunTime:0.003000s ]
INFO: [ view_filter ] --START--
INFO: Run ContentReplace Behavior [ RunTime:-0.003493s ]
INFO: Run TokenBuild Behavior [ RunTime:-0.003662s ]
INFO: Run WriteHtmlCache Behavior [ RunTime:-0.003845s ]
INFO: Run ShowRuntime Behavior [ RunTime:-0.003962s ]
INFO: [ view_filter ] --END-- [ RunTime:0.000706s ]
INFO: [ view_end ] --START--
INFO: Run ShowPageTrace Behavior [ RunTime:-0.004237s ]
INFO: [ view_end ] --END-- [ RunTime:0.000314s ]

[ 2012-11-14T20:18:01+08:00 ] 127.0.0.1 /~chenyang/firstphpsite/fp-admin/
INFO: [ app_begin ] --START--
INFO: Run ReadHtmlCache Behavior [ RunTime:0.000233s ]
INFO: [ app_begin ] --END-- [ RunTime:0.000279s ]
INFO: [ view_template ] --START--
INFO: Run LocationTemplate Behavior [ RunTime:-0.000297s ]
INFO: [ view_template ] --END-- [ RunTime:0.000179s ]
INFO: [ view_parse ] --START--
NOTIC: [8] Undefined variable: site_url /Users/chenyang/Sites/firstphpsite/fp-admin/Runtime/Cache/30a96590668ee03c290f07ec8ee994e3.php 第 8 行.
INFO: Run ParseTemplate Behavior [ RunTime:-0.000496s ]
INFO: [ view_parse ] --END-- [ RunTime:0.002903s ]
INFO: [ view_filter ] --START--
INFO: Run ContentReplace Behavior [ RunTime:-0.003420s ]
INFO: Run TokenBuild Behavior [ RunTime:-0.003588s ]
INFO: Run WriteHtmlCache Behavior [ RunTime:-0.003770s ]
INFO: Run ShowRuntime Behavior [ RunTime:-0.003901s ]
INFO: [ view_filter ] --END-- [ RunTime:0.000734s ]
INFO: [ view_end ] --START--
INFO: Run ShowPageTrace Behavior [ RunTime:-0.004195s ]
INFO: [ view_end ] --END-- [ RunTime:0.000310s ]

[ 2012-11-14T20:18:03+08:00 ] 127.0.0.1 /~chenyang/firstphpsite/fp-admin/
INFO: [ app_begin ] --START--
INFO: Run ReadHtmlCache Behavior [ RunTime:0.000227s ]
INFO: [ app_begin ] --END-- [ RunTime:0.000271s ]
INFO: [ view_template ] --START--
INFO: Run LocationTemplate Behavior [ RunTime:-0.000259s ]
INFO: [ view_template ] --END-- [ RunTime:0.000171s ]
INFO: [ view_parse ] --START--
NOTIC: [8] Undefined variable: site_url /Users/chenyang/Sites/firstphpsite/fp-admin/Runtime/Cache/30a96590668ee03c290f07ec8ee994e3.php 第 8 行.
INFO: Run ParseTemplate Behavior [ RunTime:-0.000449s ]
INFO: [ view_parse ] --END-- [ RunTime:0.002907s ]
INFO: [ view_filter ] --START--
INFO: Run ContentReplace Behavior [ RunTime:-0.003377s ]
INFO: Run TokenBuild Behavior [ RunTime:-0.003529s ]
INFO: Run WriteHtmlCache Behavior [ RunTime:-0.003693s ]
INFO: Run ShowRuntime Behavior [ RunTime:-0.003826s ]
INFO: [ view_filter ] --END-- [ RunTime:0.000666s ]
INFO: [ view_end ] --START--
INFO: Run ShowPageTrace Behavior [ RunTime:-0.004080s ]
INFO: [ view_end ] --END-- [ RunTime:0.000283s ]

[ 2012-11-14T20:18:20+08:00 ] 127.0.0.1 /~chenyang/firstphpsite/fp-admin/
INFO: [ app_begin ] --START--
INFO: Run ReadHtmlCache Behavior [ RunTime:0.000241s ]
INFO: [ app_begin ] --END-- [ RunTime:0.000286s ]
INFO: [ view_template ] --START--
INFO: Run LocationTemplate Behavior [ RunTime:-0.000273s ]
INFO: [ view_template ] --END-- [ RunTime:0.000180s ]
INFO: [ view_parse ] --START--
NOTIC: [8] Undefined variable: site_url /Users/chenyang/Sites/firstphpsite/fp-admin/Runtime/Cache/30a96590668ee03c290f07ec8ee994e3.php 第 8 行.
INFO: Run ParseTemplate Behavior [ RunTime:-0.000475s ]
INFO: [ view_parse ] --END-- [ RunTime:0.002982s ]
INFO: [ view_filter ] --START--
INFO: Run ContentReplace Behavior [ RunTime:-0.003479s ]
INFO: Run TokenBuild Behavior [ RunTime:-0.003639s ]
INFO: Run WriteHtmlCache Behavior [ RunTime:-0.003812s ]
INFO: Run ShowRuntime Behavior [ RunTime:-0.003922s ]
INFO: [ view_filter ] --END-- [ RunTime:0.000693s ]
INFO: [ view_end ] --START--
INFO: Run ShowPageTrace Behavior [ RunTime:-0.004208s ]
INFO: [ view_end ] --END-- [ RunTime:0.000287s ]

[ 2012-11-14T20:18:23+08:00 ] 127.0.0.1 /~chenyang/firstphpsite/fp-admin/
INFO: [ app_begin ] --START--
INFO: Run ReadHtmlCache Behavior [ RunTime:0.000228s ]
INFO: [ app_begin ] --END-- [ RunTime:0.000274s ]
INFO: [ view_template ] --START--
INFO: Run LocationTemplate Behavior [ RunTime:-0.000262s ]
INFO: [ view_template ] --END-- [ RunTime:0.000178s ]
INFO: [ view_parse ] --START--
NOTIC: [8] Undefined variable: site_url /Users/chenyang/Sites/firstphpsite/fp-admin/Runtime/Cache/30a96590668ee03c290f07ec8ee994e3.php 第 8 行.
INFO: Run ParseTemplate Behavior [ RunTime:-0.000460s ]
INFO: [ view_parse ] --END-- [ RunTime:0.002866s ]
INFO: [ view_filter ] --START--
INFO: Run ContentReplace Behavior [ RunTime:-0.003348s ]
INFO: Run TokenBuild Behavior [ RunTime:-0.003499s ]
INFO: Run WriteHtmlCache Behavior [ RunTime:-0.003660s ]
INFO: Run ShowRuntime Behavior [ RunTime:-0.003768s ]
INFO: [ view_filter ] --END-- [ RunTime:0.000659s ]
INFO: [ view_end ] --START--
INFO: Run ShowPageTrace Behavior [ RunTime:-0.004039s ]
INFO: [ view_end ] --END-- [ RunTime:0.000317s ]

[ 2012-11-14T20:19:09+08:00 ] 127.0.0.1 /~chenyang/firstphpsite/fp-admin/
INFO: [ app_begin ] --START--
INFO: Run ReadHtmlCache Behavior [ RunTime:0.000241s ]
INFO: [ app_begin ] --END-- [ RunTime:0.000296s ]
INFO: [ view_template ] --START--
INFO: Run LocationTemplate Behavior [ RunTime:-0.000294s ]
INFO: [ view_template ] --END-- [ RunTime:0.000192s ]
INFO: [ view_parse ] --START--
INFO: Run ParseTemplate Behavior [ RunTime:-0.000505s ]
INFO: [ view_parse ] --END-- [ RunTime:0.002945s ]
INFO: [ view_filter ] --START--
INFO: Run ContentReplace Behavior [ RunTime:-0.003475s ]
INFO: Run TokenBuild Behavior [ RunTime:-0.003637s ]
INFO: Run WriteHtmlCache Behavior [ RunTime:-0.003810s ]
INFO: Run ShowRuntime Behavior [ RunTime:-0.003925s ]
INFO: [ view_filter ] --END-- [ RunTime:0.000675s ]
INFO: [ view_end ] --START--
INFO: Run ShowPageTrace Behavior [ RunTime:-0.004188s ]
INFO: [ view_end ] --END-- [ RunTime:0.000297s ]

[ 2012-11-14T20:20:12+08:00 ] 127.0.0.1 /~chenyang/firstphpsite/fp-admin/
INFO: [ app_begin ] --START--
INFO: Run ReadHtmlCache Behavior [ RunTime:0.000242s ]
INFO: [ app_begin ] --END-- [ RunTime:0.000286s ]
NOTIC: [8] Use of undefined constant SITE_URL - assumed 'SITE_URL' /Users/chenyang/Sites/firstphpsite/ThinkPHP/Lib/Core/Action.class.php 第 54 行.
INFO: [ view_template ] --START--
INFO: Run LocationTemplate Behavior [ RunTime:-0.000312s ]
INFO: [ view_template ] --END-- [ RunTime:0.000175s ]
INFO: [ view_parse ] --START--
INFO: Run ParseTemplate Behavior [ RunTime:-0.000510s ]
INFO: [ view_parse ] --END-- [ RunTime:0.002936s ]
INFO: [ view_filter ] --START--
INFO: Run ContentReplace Behavior [ RunTime:-0.003470s ]
INFO: Run TokenBuild Behavior [ RunTime:-0.003656s ]
INFO: Run WriteHtmlCache Behavior [ RunTime:-0.003837s ]
INFO: Run ShowRuntime Behavior [ RunTime:-0.003963s ]
INFO: [ view_filter ] --END-- [ RunTime:0.000750s ]
INFO: [ view_end ] --START--
INFO: Run ShowPageTrace Behavior [ RunTime:-0.004257s ]
INFO: [ view_end ] --END-- [ RunTime:0.000316s ]

[ 2012-11-14T20:20:46+08:00 ] 127.0.0.1 /~chenyang/firstphpsite/fp-admin/
INFO: [ app_begin ] --START--
INFO: Run ReadHtmlCache Behavior [ RunTime:0.000244s ]
INFO: [ app_begin ] --END-- [ RunTime:0.000289s ]
NOTIC: [2] constant(): Couldn't find constant SITE_URL /Users/chenyang/Sites/firstphpsite/ThinkPHP/Lib/Core/Action.class.php 第 54 行.
INFO: [ view_template ] --START--
INFO: Run LocationTemplate Behavior [ RunTime:-0.000338s ]
INFO: [ view_template ] --END-- [ RunTime:0.000207s ]
INFO: [ view_parse ] --START--
INFO: Run ParseTemplate Behavior [ RunTime:-0.000561s ]
INFO: [ view_parse ] --END-- [ RunTime:0.002967s ]
INFO: [ view_filter ] --START--
INFO: Run ContentReplace Behavior [ RunTime:-0.003550s ]
INFO: Run TokenBuild Behavior [ RunTime:-0.003742s ]
INFO: Run WriteHtmlCache Behavior [ RunTime:-0.003924s ]
INFO: Run ShowRuntime Behavior [ RunTime:-0.004053s ]
INFO: [ view_filter ] --END-- [ RunTime:0.000735s ]
INFO: [ view_end ] --START--
INFO: Run ShowPageTrace Behavior [ RunTime:-0.004319s ]
INFO: [ view_end ] --END-- [ RunTime:0.000305s ]

[ 2012-11-14T20:20:49+08:00 ] 127.0.0.1 /~chenyang/firstphpsite/fp-admin/
INFO: [ app_begin ] --START--
INFO: Run ReadHtmlCache Behavior [ RunTime:0.000240s ]
INFO: [ app_begin ] --END-- [ RunTime:0.000287s ]
NOTIC: [2] constant(): Couldn't find constant SITE_URL /Users/chenyang/Sites/firstphpsite/ThinkPHP/Lib/Core/Action.class.php 第 54 行.
INFO: [ view_template ] --START--
INFO: Run LocationTemplate Behavior [ RunTime:-0.000318s ]
INFO: [ view_template ] --END-- [ RunTime:0.000169s ]
INFO: [ view_parse ] --START--
INFO: Run ParseTemplate Behavior [ RunTime:-0.000508s ]
INFO: [ view_parse ] --END-- [ RunTime:0.002810s ]
INFO: [ view_filter ] --START--
INFO: Run ContentReplace Behavior [ RunTime:-0.003342s ]
INFO: Run TokenBuild Behavior [ RunTime:-0.003497s ]
INFO: Run WriteHtmlCache Behavior [ RunTime:-0.003666s ]
INFO: Run ShowRuntime Behavior [ RunTime:-0.003792s ]
INFO: [ view_filter ] --END-- [ RunTime:0.000693s ]
INFO: [ view_end ] --START--
INFO: Run ShowPageTrace Behavior [ RunTime:-0.004076s ]
INFO: [ view_end ] --END-- [ RunTime:0.000302s ]

[ 2012-11-14T20:21:20+08:00 ] 127.0.0.1 /~chenyang/firstphpsite/fp-admin/
INFO: [ app_begin ] --START--
INFO: Run ReadHtmlCache Behavior [ RunTime:0.000227s ]
INFO: [ app_begin ] --END-- [ RunTime:0.000270s ]
NOTIC: [2] constant(): Couldn't find constant SITE_URL /Users/chenyang/Sites/firstphpsite/ThinkPHP/Lib/Core/Action.class.php 第 54 行.
INFO: [ view_template ] --START--
INFO: Run LocationTemplate Behavior [ RunTime:-0.000290s ]
INFO: [ view_template ] --END-- [ RunTime:0.000169s ]
INFO: [ view_parse ] --START--
INFO: Run ParseTemplate Behavior [ RunTime:-0.000480s ]
INFO: [ view_parse ] --END-- [ RunTime:0.003247s ]
INFO: [ view_filter ] --START--
INFO: Run ContentReplace Behavior [ RunTime:-0.003749s ]
INFO: Run TokenBuild Behavior [ RunTime:-0.003908s ]
INFO: Run WriteHtmlCache Behavior [ RunTime:-0.004098s ]
INFO: Run ShowRuntime Behavior [ RunTime:-0.004214s ]
INFO: [ view_filter ] --END-- [ RunTime:0.000688s ]
INFO: [ view_end ] --START--
INFO: Run ShowPageTrace Behavior [ RunTime:-0.004469s ]
INFO: [ view_end ] --END-- [ RunTime:0.000289s ]

[ 2012-11-14T20:21:43+08:00 ] 127.0.0.1 /~chenyang/firstphpsite/fp-admin/
INFO: [ app_begin ] --START--
INFO: Run ReadHtmlCache Behavior [ RunTime:0.000243s ]
INFO: [ app_begin ] --END-- [ RunTime:0.000293s ]
NOTIC: [2] constant(): Couldn't find constant SITE_URL /Users/chenyang/Sites/firstphpsite/ThinkPHP/Lib/Core/Action.class.php 第 54 行.
INFO: [ view_template ] --START--
INFO: Run LocationTemplate Behavior [ RunTime:-0.000319s ]
INFO: [ view_template ] --END-- [ RunTime:0.000182s ]
INFO: [ view_parse ] --START--
INFO: Run ParseTemplate Behavior [ RunTime:-0.000523s ]
INFO: [ view_parse ] --END-- [ RunTime:0.002955s ]
INFO: [ view_filter ] --START--
INFO: Run ContentReplace Behavior [ RunTime:-0.003500s ]
INFO: Run TokenBuild Behavior [ RunTime:-0.003672s ]
INFO: Run WriteHtmlCache Behavior [ RunTime:-0.003836s ]
INFO: Run ShowRuntime Behavior [ RunTime:-0.003945s ]
INFO: [ view_filter ] --END-- [ RunTime:0.000661s ]
INFO: [ view_end ] --START--
INFO: Run ShowPageTrace Behavior [ RunTime:-0.004193s ]
INFO: [ view_end ] --END-- [ RunTime:0.000281s ]

[ 2012-11-14T20:24:03+08:00 ] 127.0.0.1 /~chenyang/firstphpsite/fp-admin/
INFO: [ app_begin ] --START--
INFO: Run ReadHtmlCache Behavior [ RunTime:0.000240s ]
INFO: [ app_begin ] --END-- [ RunTime:0.000284s ]
INFO: [ view_template ] --START--
INFO: Run LocationTemplate Behavior [ RunTime:-0.000278s ]
INFO: [ view_template ] --END-- [ RunTime:0.000187s ]
INFO: [ view_parse ] --START--
NOTIC: [8] Undefined variable: site_url /Users/chenyang/Sites/firstphpsite/fp-admin/Runtime/Cache/30a96590668ee03c290f07ec8ee994e3.php 第 8 行.
INFO: Run ParseTemplate Behavior [ RunTime:-0.000486s ]
INFO: [ view_parse ] --END-- [ RunTime:0.002994s ]
INFO: [ view_filter ] --START--
INFO: Run ContentReplace Behavior [ RunTime:-0.003503s ]
INFO: Run TokenBuild Behavior [ RunTime:-0.003685s ]
INFO: Run WriteHtmlCache Behavior [ RunTime:-0.003868s ]
INFO: Run ShowRuntime Behavior [ RunTime:-0.003989s ]
INFO: [ view_filter ] --END-- [ RunTime:0.000725s ]
INFO: [ view_end ] --START--
INFO: Run ShowPageTrace Behavior [ RunTime:-0.004263s ]
INFO: [ view_end ] --END-- [ RunTime:0.000320s ]

[ 2012-11-14T20:30:33+08:00 ] 127.0.0.1 /~chenyang/firstphpsite/fp-admin/
INFO: [ app_begin ] --START--
INFO: Run ReadHtmlCache Behavior [ RunTime:0.000232s ]
INFO: [ app_begin ] --END-- [ RunTime:0.000276s ]
INFO: [ view_template ] --START--
INFO: Run LocationTemplate Behavior [ RunTime:-0.000278s ]
INFO: [ view_template ] --END-- [ RunTime:0.000174s ]
INFO: [ view_parse ] --START--
INFO: Run ParseTemplate Behavior [ RunTime:-0.000481s ]
INFO: [ view_parse ] --END-- [ RunTime:0.003226s ]
INFO: [ view_filter ] --START--
INFO: Run ContentReplace Behavior [ RunTime:-0.003735s ]
INFO: Run TokenBuild Behavior [ RunTime:-0.003929s ]
INFO: Run WriteHtmlCache Behavior [ RunTime:-0.004123s ]
INFO: Run ShowRuntime Behavior [ RunTime:-0.004242s ]
INFO: [ view_filter ] --END-- [ RunTime:0.000745s ]
INFO: [ view_end ] --START--
INFO: Run ShowPageTrace Behavior [ RunTime:-0.004519s ]
INFO: [ view_end ] --END-- [ RunTime:0.000357s ]

[ 2012-11-14T20:30:42+08:00 ] 127.0.0.1 /~chenyang/firstphpsite/fp-admin/
INFO: [ app_begin ] --START--
INFO: Run ReadHtmlCache Behavior [ RunTime:0.000228s ]
INFO: [ app_begin ] --END-- [ RunTime:0.000271s ]
INFO: [ view_template ] --START--
INFO: Run LocationTemplate Behavior [ RunTime:-0.000269s ]
INFO: [ view_template ] --END-- [ RunTime:0.000164s ]
INFO: [ view_parse ] --START--
INFO: Run ParseTemplate Behavior [ RunTime:-0.000453s ]
INFO: [ view_parse ] --END-- [ RunTime:0.003050s ]
INFO: [ view_filter ] --START--
INFO: Run ContentReplace Behavior [ RunTime:-0.003526s ]
INFO: Run TokenBuild Behavior [ RunTime:-0.003711s ]
INFO: Run WriteHtmlCache Behavior [ RunTime:-0.003889s ]
INFO: Run ShowRuntime Behavior [ RunTime:-0.004005s ]
INFO: [ view_filter ] --END-- [ RunTime:0.000713s ]
INFO: [ view_end ] --START--
INFO: Run ShowPageTrace Behavior [ RunTime:-0.004280s ]
INFO: [ view_end ] --END-- [ RunTime:0.000306s ]

[ 2012-11-14T20:30:58+08:00 ] 127.0.0.1 /~chenyang/firstphpsite/fp-admin/
INFO: [ app_begin ] --START--
INFO: Run ReadHtmlCache Behavior [ RunTime:0.000251s ]
INFO: [ app_begin ] --END-- [ RunTime:0.000303s ]
INFO: [ view_template ] --START--
INFO: Run LocationTemplate Behavior [ RunTime:-0.000308s ]
INFO: [ view_template ] --END-- [ RunTime:0.000188s ]
INFO: [ view_parse ] --START--
INFO: Run ParseTemplate Behavior [ RunTime:-0.000516s ]
INFO: [ view_parse ] --END-- [ RunTime:0.003116s ]
INFO: [ view_filter ] --START--
INFO: Run ContentReplace Behavior [ RunTime:-0.003655s ]
INFO: Run TokenBuild Behavior [ RunTime:-0.003828s ]
INFO: Run WriteHtmlCache Behavior [ RunTime:-0.004041s ]
INFO: Run ShowRuntime Behavior [ RunTime:-0.004166s ]
INFO: [ view_filter ] --END-- [ RunTime:0.000774s ]
INFO: [ view_end ] --START--
INFO: Run ShowPageTrace Behavior [ RunTime:-0.004477s ]
INFO: [ view_end ] --END-- [ RunTime:0.000307s ]

[ 2012-11-14T20:32:47+08:00 ] 127.0.0.1 /~chenyang/firstphpsite/fp-admin/
INFO: [ app_begin ] --START--
INFO: Run ReadHtmlCache Behavior [ RunTime:0.000249s ]
INFO: [ app_begin ] --END-- [ RunTime:0.000305s ]
INFO: [ view_template ] --START--
INFO: Run LocationTemplate Behavior [ RunTime:-0.000315s ]
INFO: [ view_template ] --END-- [ RunTime:0.000203s ]
INFO: [ view_parse ] --START--
INFO: Run ParseTemplate Behavior [ RunTime:-0.000543s ]
INFO: [ view_parse ] --END-- [ RunTime:0.003436s ]
INFO: [ view_filter ] --START--
INFO: Run ContentReplace Behavior [ RunTime:-0.004011s ]
INFO: Run TokenBuild Behavior [ RunTime:-0.004254s ]
INFO: Run WriteHtmlCache Behavior [ RunTime:-0.004432s ]
INFO: Run ShowRuntime Behavior [ RunTime:-0.004545s ]
INFO: [ view_filter ] --END-- [ RunTime:0.000786s ]
INFO: [ view_end ] --START--
INFO: Run ShowPageTrace Behavior [ RunTime:-0.004838s ]
INFO: [ view_end ] --END-- [ RunTime:0.000306s ]

[ 2012-11-14T20:32:59+08:00 ] 127.0.0.1 /~chenyang/firstphpsite/fp-admin/
INFO: [ app_begin ] --START--
INFO: Run ReadHtmlCache Behavior [ RunTime:0.000228s ]
INFO: [ app_begin ] --END-- [ RunTime:0.000272s ]
INFO: [ view_template ] --START--
INFO: Run LocationTemplate Behavior [ RunTime:-0.000275s ]
INFO: [ view_template ] --END-- [ RunTime:0.000169s ]
INFO: [ view_parse ] --START--
INFO: Run ParseTemplate Behavior [ RunTime:-0.000464s ]
INFO: [ view_parse ] --END-- [ RunTime:0.003164s ]
INFO: [ view_filter ] --START--
INFO: Run ContentReplace Behavior [ RunTime:-0.003652s ]
INFO: Run TokenBuild Behavior [ RunTime:-0.003857s ]
INFO: Run WriteHtmlCache Behavior [ RunTime:-0.004063s ]
INFO: Run ShowRuntime Behavior [ RunTime:-0.004184s ]
INFO: [ view_filter ] --END-- [ RunTime:0.000769s ]
INFO: [ view_end ] --START--
INFO: Run ShowPageTrace Behavior [ RunTime:-0.004461s ]
INFO: [ view_end ] --END-- [ RunTime:0.000315s ]

[ 2012-11-14T20:33:12+08:00 ] 127.0.0.1 /~chenyang/firstphpsite/fp-admin/
INFO: [ app_begin ] --START--
INFO: Run ReadHtmlCache Behavior [ RunTime:0.000234s ]
INFO: [ app_begin ] --END-- [ RunTime:0.000286s ]
INFO: [ view_template ] --START--
INFO: Run LocationTemplate Behavior [ RunTime:-0.000315s ]
INFO: [ view_template ] --END-- [ RunTime:0.000192s ]
INFO: [ view_parse ] --START--
INFO: Run ParseTemplate Behavior [ RunTime:-0.000527s ]
INFO: [ view_parse ] --END-- [ RunTime:0.003157s ]
INFO: [ view_filter ] --START--
INFO: Run ContentReplace Behavior [ RunTime:-0.003710s ]
INFO: Run TokenBuild Behavior [ RunTime:-0.003913s ]
INFO: Run WriteHtmlCache Behavior [ RunTime:-0.004081s ]
INFO: Run ShowRuntime Behavior [ RunTime:-0.004191s ]
INFO: [ view_filter ] --END-- [ RunTime:0.000703s ]
INFO: [ view_end ] --START--
INFO: Run ShowPageTrace Behavior [ RunTime:-0.004449s ]
INFO: [ view_end ] --END-- [ RunTime:0.000295s ]

[ 2012-11-14T20:33:53+08:00 ] 127.0.0.1 /~chenyang/firstphpsite/fp-admin/
INFO: [ app_begin ] --START--
INFO: Run ReadHtmlCache Behavior [ RunTime:0.000235s ]
INFO: [ app_begin ] --END-- [ RunTime:0.000281s ]
INFO: [ view_template ] --START--
INFO: Run LocationTemplate Behavior [ RunTime:-0.000290s ]
INFO: [ view_template ] --END-- [ RunTime:0.000176s ]
INFO: [ view_parse ] --START--
INFO: Run ParseTemplate Behavior [ RunTime:-0.000486s ]
INFO: [ view_parse ] --END-- [ RunTime:0.003470s ]
INFO: [ view_filter ] --START--
INFO: Run ContentReplace Behavior [ RunTime:-0.003986s ]
INFO: Run TokenBuild Behavior [ RunTime:-0.004215s ]
INFO: Run WriteHtmlCache Behavior [ RunTime:-0.004456s ]
INFO: Run ShowRuntime Behavior [ RunTime:-0.004595s ]
INFO: [ view_filter ] --END-- [ RunTime:0.000864s ]
INFO: [ view_end ] --START--
INFO: Run ShowPageTrace Behavior [ RunTime:-0.004898s ]
INFO: [ view_end ] --END-- [ RunTime:0.000364s ]

[ 2012-11-14T20:34:27+08:00 ] 127.0.0.1 /~chenyang/firstphpsite/fp-admin/
INFO: [ app_begin ] --START--
INFO: Run ReadHtmlCache Behavior [ RunTime:0.000220s ]
INFO: [ app_begin ] --END-- [ RunTime:0.000264s ]
INFO: [ view_template ] --START--
INFO: Run LocationTemplate Behavior [ RunTime:-0.000262s ]
INFO: [ view_template ] --END-- [ RunTime:0.000167s ]
INFO: [ view_parse ] --START--
INFO: Run ParseTemplate Behavior [ RunTime:-0.000449s ]
INFO: [ view_parse ] --END-- [ RunTime:0.003434s ]
INFO: [ view_filter ] --START--
INFO: Run ContentReplace Behavior [ RunTime:-0.003907s ]
INFO: Run TokenBuild Behavior [ RunTime:-0.004081s ]
INFO: Run WriteHtmlCache Behavior [ RunTime:-0.004271s ]
INFO: Run ShowRuntime Behavior [ RunTime:-0.004388s ]
INFO: [ view_filter ] --END-- [ RunTime:0.000716s ]
INFO: [ view_end ] --START--
INFO: Run ShowPageTrace Behavior [ RunTime:-0.004661s ]
INFO: [ view_end ] --END-- [ RunTime:0.000329s ]

[ 2012-11-14T20:35:01+08:00 ] 127.0.0.1 /~chenyang/firstphpsite/fp-admin/
INFO: [ app_begin ] --START--
INFO: Run ReadHtmlCache Behavior [ RunTime:0.000230s ]
INFO: [ app_begin ] --END-- [ RunTime:0.000277s ]
INFO: [ view_template ] --START--
INFO: Run LocationTemplate Behavior [ RunTime:-0.000281s ]
INFO: [ view_template ] --END-- [ RunTime:0.000229s ]
INFO: [ view_parse ] --START--
INFO: Run ParseTemplate Behavior [ RunTime:-0.000550s ]
INFO: [ view_parse ] --END-- [ RunTime:0.003625s ]
INFO: [ view_filter ] --START--
INFO: Run ContentReplace Behavior [ RunTime:-0.004200s ]
INFO: Run TokenBuild Behavior [ RunTime:-0.004398s ]
INFO: Run WriteHtmlCache Behavior [ RunTime:-0.004580s ]
INFO: Run ShowRuntime Behavior [ RunTime:-0.004704s ]
INFO: [ view_filter ] --END-- [ RunTime:0.000762s ]
INFO: [ view_end ] --START--
INFO: Run ShowPageTrace Behavior [ RunTime:-0.005009s ]
INFO: [ view_end ] --END-- [ RunTime:0.000383s ]

[ 2012-11-14T20:35:35+08:00 ] 127.0.0.1 /~chenyang/firstphpsite/fp-admin/
INFO: [ app_begin ] --START--
INFO: Run ReadHtmlCache Behavior [ RunTime:0.000267s ]
INFO: [ app_begin ] --END-- [ RunTime:0.000316s ]
INFO: [ view_template ] --START--
INFO: Run LocationTemplate Behavior [ RunTime:-0.000295s ]
INFO: [ view_template ] --END-- [ RunTime:0.000180s ]
INFO: [ view_parse ] --START--
INFO: Run ParseTemplate Behavior [ RunTime:-0.000495s ]
INFO: [ view_parse ] --END-- [ RunTime:0.003752s ]
INFO: [ view_filter ] --START--
INFO: Run ContentReplace Behavior [ RunTime:-0.004282s ]
INFO: Run TokenBuild Behavior [ RunTime:-0.004533s ]
INFO: Run WriteHtmlCache Behavior [ RunTime:-0.004726s ]
INFO: Run ShowRuntime Behavior [ RunTime:-0.004856s ]
INFO: [ view_filter ] --END-- [ RunTime:0.000829s ]
INFO: [ view_end ] --START--
INFO: Run ShowPageTrace Behavior [ RunTime:-0.005151s ]
INFO: [ view_end ] --END-- [ RunTime:0.000349s ]

[ 2012-11-14T20:35:44+08:00 ] 127.0.0.1 /~chenyang/firstphpsite/fp-admin/
INFO: [ app_begin ] --START--
INFO: Run ReadHtmlCache Behavior [ RunTime:0.000229s ]
INFO: [ app_begin ] --END-- [ RunTime:0.000275s ]
INFO: [ view_template ] --START--
INFO: Run LocationTemplate Behavior [ RunTime:-0.000285s ]
INFO: [ view_template ] --END-- [ RunTime:0.000197s ]
INFO: [ view_parse ] --START--
INFO: Run ParseTemplate Behavior [ RunTime:-0.000505s ]
INFO: [ view_parse ] --END-- [ RunTime:0.003596s ]
INFO: [ view_filter ] --START--
INFO: Run ContentReplace Behavior [ RunTime:-0.004133s ]
INFO: Run TokenBuild Behavior [ RunTime:-0.004340s ]
INFO: Run WriteHtmlCache Behavior [ RunTime:-0.004528s ]
INFO: Run ShowRuntime Behavior [ RunTime:-0.004655s ]
INFO: [ view_filter ] --END-- [ RunTime:0.000797s ]
INFO: [ view_end ] --START--
INFO: Run ShowPageTrace Behavior [ RunTime:-0.004977s ]
INFO: [ view_end ] --END-- [ RunTime:0.000398s ]

[ 2012-11-14T20:37:17+08:00 ] 127.0.0.1 /~chenyang/firstphpsite/fp-admin/
INFO: [ app_begin ] --START--
INFO: Run ReadHtmlCache Behavior [ RunTime:0.000252s ]
INFO: [ app_begin ] --END-- [ RunTime:0.000305s ]
INFO: [ view_template ] --START--
INFO: Run LocationTemplate Behavior [ RunTime:-0.000314s ]
INFO: [ view_template ] --END-- [ RunTime:0.000187s ]
INFO: [ view_parse ] --START--
INFO: Run ParseTemplate Behavior [ RunTime:-0.000525s ]
INFO: [ view_parse ] --END-- [ RunTime:0.003196s ]
INFO: [ view_filter ] --START--
INFO: Run ContentReplace Behavior [ RunTime:-0.003748s ]
INFO: Run TokenBuild Behavior [ RunTime:-0.003956s ]
INFO: Run WriteHtmlCache Behavior [ RunTime:-0.004150s ]
INFO: Run ShowRuntime Behavior [ RunTime:-0.004283s ]
INFO: [ view_filter ] --END-- [ RunTime:0.000776s ]
INFO: [ view_end ] --START--
INFO: Run ShowPageTrace Behavior [ RunTime:-0.004564s ]
INFO: [ view_end ] --END-- [ RunTime:0.000306s ]

[ 2012-11-14T20:37:55+08:00 ] 127.0.0.1 /~chenyang/firstphpsite/fp-admin/
INFO: [ app_begin ] --START--
INFO: Run ReadHtmlCache Behavior [ RunTime:0.000236s ]
INFO: [ app_begin ] --END-- [ RunTime:0.000284s ]
INFO: [ view_template ] --START--
INFO: Run LocationTemplate Behavior [ RunTime:-0.000291s ]
INFO: [ view_template ] --END-- [ RunTime:0.000177s ]
INFO: [ view_parse ] --START--
INFO: Run ParseTemplate Behavior [ RunTime:-0.000491s ]
INFO: [ view_parse ] --END-- [ RunTime:0.003423s ]
INFO: [ view_filter ] --START--
INFO: Run ContentReplace Behavior [ RunTime:-0.003941s ]
INFO: Run TokenBuild Behavior [ RunTime:-0.004134s ]
INFO: Run WriteHtmlCache Behavior [ RunTime:-0.004305s ]
INFO: Run ShowRuntime Behavior [ RunTime:-0.004418s ]
INFO: [ view_filter ] --END-- [ RunTime:0.000700s ]
INFO: [ view_end ] --START--
INFO: Run ShowPageTrace Behavior [ RunTime:-0.004676s ]
INFO: [ view_end ] --END-- [ RunTime:0.000285s ]

[ 2012-11-14T20:37:58+08:00 ] 127.0.0.1 /~chenyang/firstphpsite/fp-admin/
INFO: [ app_begin ] --START--
INFO: Run ReadHtmlCache Behavior [ RunTime:0.000241s ]
INFO: [ app_begin ] --END-- [ RunTime:0.000293s ]
INFO: [ view_template ] --START--
INFO: Run LocationTemplate Behavior [ RunTime:-0.000294s ]
INFO: [ view_template ] --END-- [ RunTime:0.000180s ]
INFO: [ view_parse ] --START--
INFO: Run ParseTemplate Behavior [ RunTime:-0.000495s ]
INFO: [ view_parse ] --END-- [ RunTime:0.003144s ]
INFO: [ view_filter ] --START--
INFO: Run ContentReplace Behavior [ RunTime:-0.003669s ]
INFO: Run TokenBuild Behavior [ RunTime:-0.003884s ]
INFO: Run WriteHtmlCache Behavior [ RunTime:-0.004079s ]
INFO: Run ShowRuntime Behavior [ RunTime:-0.004208s ]
INFO: [ view_filter ] --END-- [ RunTime:0.000781s ]
INFO: [ view_end ] --START--
INFO: Run ShowPageTrace Behavior [ RunTime:-0.004494s ]
INFO: [ view_end ] --END-- [ RunTime:0.000332s ]

[ 2012-11-14T20:39:40+08:00 ] 127.0.0.1 /~chenyang/firstphpsite/fp-admin/
INFO: [ app_begin ] --START--
INFO: Run ReadHtmlCache Behavior [ RunTime:0.000228s ]
INFO: [ app_begin ] --END-- [ RunTime:0.000271s ]
INFO: [ view_template ] --START--
INFO: Run LocationTemplate Behavior [ RunTime:-0.000274s ]
INFO: [ view_template ] --END-- [ RunTime:0.000169s ]
INFO: [ view_parse ] --START--
INFO: Run ParseTemplate Behavior [ RunTime:-0.000463s ]
INFO: [ view_parse ] --END-- [ RunTime:0.003095s ]
INFO: [ view_filter ] --START--
INFO: Run ContentReplace Behavior [ RunTime:-0.003582s ]
INFO: Run TokenBuild Behavior [ RunTime:-0.003755s ]
INFO: Run WriteHtmlCache Behavior [ RunTime:-0.003926s ]
INFO: Run ShowRuntime Behavior [ RunTime:-0.004040s ]
INFO: [ view_filter ] --END-- [ RunTime:0.000684s ]
INFO: [ view_end ] --START--
INFO: Run ShowPageTrace Behavior [ RunTime:-0.004302s ]
INFO: [ view_end ] --END-- [ RunTime:0.000290s ]

[ 2012-11-14T20:40:05+08:00 ] 127.0.0.1 /~chenyang/firstphpsite/fp-admin/
INFO: [ app_begin ] --START--
INFO: Run ReadHtmlCache Behavior [ RunTime:0.000251s ]
INFO: [ app_begin ] --END-- [ RunTime:0.000302s ]
INFO: [ view_template ] --START--
INFO: Run LocationTemplate Behavior [ RunTime:-0.000307s ]
INFO: [ view_template ] --END-- [ RunTime:0.000186s ]
INFO: [ view_parse ] --START--
INFO: Run ParseTemplate Behavior [ RunTime:-0.000514s ]
INFO: [ view_parse ] --END-- [ RunTime:0.003577s ]
INFO: [ view_filter ] --START--
INFO: Run ContentReplace Behavior [ RunTime:-0.004125s ]
INFO: Run TokenBuild Behavior [ RunTime:-0.004361s ]
INFO: Run WriteHtmlCache Behavior [ RunTime:-0.004538s ]
INFO: Run ShowRuntime Behavior [ RunTime:-0.004654s ]
INFO: [ view_filter ] --END-- [ RunTime:0.000766s ]
INFO: [ view_end ] --START--
INFO: Run ShowPageTrace Behavior [ RunTime:-0.004930s ]
INFO: [ view_end ] --END-- [ RunTime:0.000318s ]

[ 2012-11-14T20:40:32+08:00 ] 127.0.0.1 /~chenyang/firstphpsite/fp-admin/
INFO: [ app_begin ] --START--
INFO: Run ReadHtmlCache Behavior [ RunTime:0.000229s ]
INFO: [ app_begin ] --END-- [ RunTime:0.000274s ]
INFO: [ view_template ] --START--
INFO: Run LocationTemplate Behavior [ RunTime:-0.000274s ]
INFO: [ view_template ] --END-- [ RunTime:0.000172s ]
INFO: [ view_parse ] --START--
INFO: Run ParseTemplate Behavior [ RunTime:-0.000466s ]
INFO: [ view_parse ] --END-- [ RunTime:0.003545s ]
INFO: [ view_filter ] --START--
INFO: Run ContentReplace Behavior [ RunTime:-0.004043s ]
INFO: Run TokenBuild Behavior [ RunTime:-0.004255s ]
INFO: Run WriteHtmlCache Behavior [ RunTime:-0.004437s ]
INFO: Run ShowRuntime Behavior [ RunTime:-0.004555s ]
INFO: [ view_filter ] --END-- [ RunTime:0.000768s ]
INFO: [ view_end ] --START--
INFO: Run ShowPageTrace Behavior [ RunTime:-0.004857s ]
INFO: [ view_end ] --END-- [ RunTime:0.000392s ]

[ 2012-11-14T20:40:44+08:00 ] 127.0.0.1 /~chenyang/firstphpsite/fp-admin/
INFO: [ app_begin ] --START--
INFO: Run ReadHtmlCache Behavior [ RunTime:0.000244s ]
INFO: [ app_begin ] --END-- [ RunTime:0.000290s ]
INFO: [ view_template ] --START--
INFO: Run LocationTemplate Behavior [ RunTime:-0.000287s ]
INFO: [ view_template ] --END-- [ RunTime:0.000183s ]
INFO: [ view_parse ] --START--
INFO: Run ParseTemplate Behavior [ RunTime:-0.000491s ]
INFO: [ view_parse ] --END-- [ RunTime:0.003314s ]
INFO: [ view_filter ] --START--
INFO: Run ContentReplace Behavior [ RunTime:-0.003833s ]
INFO: Run TokenBuild Behavior [ RunTime:-0.004023s ]
INFO: Run WriteHtmlCache Behavior [ RunTime:-0.004205s ]
INFO: Run ShowRuntime Behavior [ RunTime:-0.004335s ]
INFO: [ view_filter ] --END-- [ RunTime:0.000744s ]
INFO: [ view_end ] --START--
INFO: Run ShowPageTrace Behavior [ RunTime:-0.004618s ]
INFO: [ view_end ] --END-- [ RunTime:0.000322s ]

[ 2012-11-14T20:40:45+08:00 ] 127.0.0.1 /~chenyang/firstphpsite/fp-admin/
INFO: [ app_begin ] --START--
INFO: Run ReadHtmlCache Behavior [ RunTime:0.000219s ]
INFO: [ app_begin ] --END-- [ RunTime:0.000262s ]
INFO: [ view_template ] --START--
INFO: Run LocationTemplate Behavior [ RunTime:-0.000264s ]
INFO: [ view_template ] --END-- [ RunTime:0.000183s ]
INFO: [ view_parse ] --START--
INFO: Run ParseTemplate Behavior [ RunTime:-0.000471s ]
INFO: [ view_parse ] --END-- [ RunTime:0.003192s ]
INFO: [ view_filter ] --START--
INFO: Run ContentReplace Behavior [ RunTime:-0.003689s ]
INFO: Run TokenBuild Behavior [ RunTime:-0.003871s ]
INFO: Run WriteHtmlCache Behavior [ RunTime:-0.004048s ]
INFO: Run ShowRuntime Behavior [ RunTime:-0.004166s ]
INFO: [ view_filter ] --END-- [ RunTime:0.000712s ]
INFO: [ view_end ] --START--
INFO: Run ShowPageTrace Behavior [ RunTime:-0.004440s ]
INFO: [ view_end ] --END-- [ RunTime:0.000305s ]

[ 2012-11-14T20:40:46+08:00 ] 127.0.0.1 /~chenyang/firstphpsite/fp-admin/
INFO: [ app_begin ] --START--
INFO: Run ReadHtmlCache Behavior [ RunTime:0.000218s ]
INFO: [ app_begin ] --END-- [ RunTime:0.000263s ]
INFO: [ view_template ] --START--
INFO: Run LocationTemplate Behavior [ RunTime:-0.000265s ]
INFO: [ view_template ] --END-- [ RunTime:0.000162s ]
INFO: [ view_parse ] --START--
INFO: Run ParseTemplate Behavior [ RunTime:-0.000447s ]
INFO: [ view_parse ] --END-- [ RunTime:0.003085s ]
INFO: [ view_filter ] --START--
INFO: Run ContentReplace Behavior [ RunTime:-0.003555s ]
INFO: Run TokenBuild Behavior [ RunTime:-0.003733s ]
INFO: Run WriteHtmlCache Behavior [ RunTime:-0.003900s ]
INFO: Run ShowRuntime Behavior [ RunTime:-0.004020s ]
INFO: [ view_filter ] --END-- [ RunTime:0.000733s ]
INFO: [ view_end ] --START--
INFO: Run ShowPageTrace Behavior [ RunTime:-0.004333s ]
INFO: [ view_end ] --END-- [ RunTime:0.000281s ]

[ 2012-11-14T20:41:17+08:00 ] 127.0.0.1 /~chenyang/firstphpsite/fp-admin/
INFO: [ app_begin ] --START--
INFO: Run ReadHtmlCache Behavior [ RunTime:0.000241s ]
INFO: [ app_begin ] --END-- [ RunTime:0.000289s ]
INFO: [ view_template ] --START--
INFO: Run LocationTemplate Behavior [ RunTime:-0.000293s ]
INFO: [ view_template ] --END-- [ RunTime:0.000181s ]
INFO: [ view_parse ] --START--
INFO: Run ParseTemplate Behavior [ RunTime:-0.000496s ]
INFO: [ view_parse ] --END-- [ RunTime:0.003539s ]
INFO: [ view_filter ] --START--
INFO: Run ContentReplace Behavior [ RunTime:-0.004067s ]
INFO: Run TokenBuild Behavior [ RunTime:-0.004280s ]
INFO: Run WriteHtmlCache Behavior [ RunTime:-0.004464s ]
INFO: Run ShowRuntime Behavior [ RunTime:-0.004585s ]
INFO: [ view_filter ] --END-- [ RunTime:0.000793s ]
INFO: [ view_end ] --START--
INFO: Run ShowPageTrace Behavior [ RunTime:-0.004906s ]
INFO: [ view_end ] --END-- [ RunTime:0.000364s ]

[ 2012-11-14T20:41:21+08:00 ] 127.0.0.1 /~chenyang/firstphpsite/fp-admin/
INFO: [ app_begin ] --START--
INFO: Run ReadHtmlCache Behavior [ RunTime:0.000249s ]
INFO: [ app_begin ] --END-- [ RunTime:0.000306s ]
INFO: [ view_template ] --START--
INFO: Run LocationTemplate Behavior [ RunTime:-0.000305s ]
INFO: [ view_template ] --END-- [ RunTime:0.000181s ]
INFO: [ view_parse ] --START--
INFO: Run ParseTemplate Behavior [ RunTime:-0.000506s ]
INFO: [ view_parse ] --END-- [ RunTime:0.003446s ]
INFO: [ view_filter ] --START--
INFO: Run ContentReplace Behavior [ RunTime:-0.003985s ]
INFO: Run TokenBuild Behavior [ RunTime:-0.004223s ]
INFO: Run WriteHtmlCache Behavior [ RunTime:-0.004420s ]
INFO: Run ShowRuntime Behavior [ RunTime:-0.004537s ]
INFO: [ view_filter ] --END-- [ RunTime:0.000796s ]
INFO: [ view_end ] --START--
INFO: Run ShowPageTrace Behavior [ RunTime:-0.004825s ]
INFO: [ view_end ] --END-- [ RunTime:0.000315s ]

[ 2012-11-14T20:41:40+08:00 ] 127.0.0.1 /~chenyang/firstphpsite/fp-admin/index.php
INFO: [ app_begin ] --START--
INFO: Run ReadHtmlCache Behavior [ RunTime:0.000236s ]
INFO: [ app_begin ] --END-- [ RunTime:0.000284s ]
INFO: [ view_template ] --START--
INFO: Run LocationTemplate Behavior [ RunTime:-0.000276s ]
INFO: [ view_template ] --END-- [ RunTime:0.000178s ]
INFO: [ view_parse ] --START--
INFO: Run ParseTemplate Behavior [ RunTime:-0.000477s ]
INFO: [ view_parse ] --END-- [ RunTime:0.003461s ]
INFO: [ view_filter ] --START--
INFO: Run ContentReplace Behavior [ RunTime:-0.003966s ]
INFO: Run TokenBuild Behavior [ RunTime:-0.004200s ]
INFO: Run WriteHtmlCache Behavior [ RunTime:-0.004421s ]
INFO: Run ShowRuntime Behavior [ RunTime:-0.004547s ]
INFO: [ view_filter ] --END-- [ RunTime:0.000824s ]
INFO: [ view_end ] --START--
INFO: Run ShowPageTrace Behavior [ RunTime:-0.004834s ]
INFO: [ view_end ] --END-- [ RunTime:0.000317s ]

[ 2012-11-14T20:42:12+08:00 ] 127.0.0.1 /~chenyang/firstphpsite/fp-admin/index.php
INFO: [ app_begin ] --START--
INFO: Run ReadHtmlCache Behavior [ RunTime:0.000235s ]
INFO: [ app_begin ] --END-- [ RunTime:0.000281s ]
INFO: [ view_template ] --START--
INFO: Run LocationTemplate Behavior [ RunTime:-0.000282s ]
INFO: [ view_template ] --END-- [ RunTime:0.000174s ]
INFO: [ view_parse ] --START--
INFO: Run ParseTemplate Behavior [ RunTime:-0.000476s ]
INFO: [ view_parse ] --END-- [ RunTime:0.003165s ]
INFO: [ view_filter ] --START--
INFO: Run ContentReplace Behavior [ RunTime:-0.003675s ]
INFO: Run TokenBuild Behavior [ RunTime:-0.003874s ]
INFO: Run WriteHtmlCache Behavior [ RunTime:-0.004047s ]
INFO: Run ShowRuntime Behavior [ RunTime:-0.004164s ]
INFO: [ view_filter ] --END-- [ RunTime:0.000722s ]
INFO: [ view_end ] --START--
INFO: Run ShowPageTrace Behavior [ RunTime:-0.004424s ]
INFO: [ view_end ] --END-- [ RunTime:0.000308s ]

[ 2012-11-14T20:42:14+08:00 ] 127.0.0.1 /~chenyang/firstphpsite/fp-admin/index.php
INFO: [ app_begin ] --START--
INFO: Run ReadHtmlCache Behavior [ RunTime:0.000242s ]
INFO: [ app_begin ] --END-- [ RunTime:0.000294s ]
INFO: [ view_template ] --START--
INFO: Run LocationTemplate Behavior [ RunTime:-0.000297s ]
INFO: [ view_template ] --END-- [ RunTime:0.000183s ]
INFO: [ view_parse ] --START--
INFO: Run ParseTemplate Behavior [ RunTime:-0.000501s ]
INFO: [ view_parse ] --END-- [ RunTime:0.003348s ]
INFO: [ view_filter ] --START--
INFO: Run ContentReplace Behavior [ RunTime:-0.003881s ]
INFO: Run TokenBuild Behavior [ RunTime:-0.004123s ]
INFO: Run WriteHtmlCache Behavior [ RunTime:-0.004304s ]
INFO: Run ShowRuntime Behavior [ RunTime:-0.004417s ]
INFO: [ view_filter ] --END-- [ RunTime:0.000768s ]
INFO: [ view_end ] --START--
INFO: Run ShowPageTrace Behavior [ RunTime:-0.004690s ]
INFO: [ view_end ] --END-- [ RunTime:0.000349s ]

[ 2012-11-14T20:42:29+08:00 ] 127.0.0.1 /~chenyang/firstphpsite/fp-admin/index.php
INFO: [ app_begin ] --START--
INFO: Run ReadHtmlCache Behavior [ RunTime:0.000240s ]
INFO: [ app_begin ] --END-- [ RunTime:0.000293s ]
INFO: [ view_template ] --START--
INFO: Run LocationTemplate Behavior [ RunTime:-0.000310s ]
INFO: [ view_template ] --END-- [ RunTime:0.000170s ]
INFO: [ view_parse ] --START--
INFO: Run ParseTemplate Behavior [ RunTime:-0.000499s ]
INFO: [ view_parse ] --END-- [ RunTime:0.003082s ]
INFO: [ view_filter ] --START--
INFO: Run ContentReplace Behavior [ RunTime:-0.003604s ]
INFO: Run TokenBuild Behavior [ RunTime:-0.003787s ]
INFO: Run WriteHtmlCache Behavior [ RunTime:-0.003984s ]
INFO: Run ShowRuntime Behavior [ RunTime:-0.004099s ]
INFO: [ view_filter ] --END-- [ RunTime:0.000722s ]
INFO: [ view_end ] --START--
INFO: Run ShowPageTrace Behavior [ RunTime:-0.004361s ]
INFO: [ view_end ] --END-- [ RunTime:0.000295s ]

[ 2012-11-14T20:42:31+08:00 ] 127.0.0.1 /~chenyang/firstphpsite/fp-admin/index.php
INFO: [ app_begin ] --START--
INFO: Run ReadHtmlCache Behavior [ RunTime:0.000231s ]
INFO: [ app_begin ] --END-- [ RunTime:0.000279s ]
INFO: [ view_template ] --START--
INFO: Run LocationTemplate Behavior [ RunTime:-0.000277s ]
INFO: [ view_template ] --END-- [ RunTime:0.000172s ]
INFO: [ view_parse ] --START--
INFO: Run ParseTemplate Behavior [ RunTime:-0.000468s ]
INFO: [ view_parse ] --END-- [ RunTime:0.003216s ]
INFO: [ view_filter ] --START--
INFO: Run ContentReplace Behavior [ RunTime:-0.003716s ]
INFO: Run TokenBuild Behavior [ RunTime:-0.003918s ]
INFO: Run WriteHtmlCache Behavior [ RunTime:-0.004123s ]
INFO: Run ShowRuntime Behavior [ RunTime:-0.004237s ]
INFO: [ view_filter ] --END-- [ RunTime:0.000757s ]
INFO: [ view_end ] --START--
INFO: Run ShowPageTrace Behavior [ RunTime:-0.004512s ]
INFO: [ view_end ] --END-- [ RunTime:0.000298s ]

[ 2012-11-14T20:42:58+08:00 ] 127.0.0.1 /~chenyang/firstphpsite/fp-admin/index.php
INFO: [ app_begin ] --START--
INFO: Run ReadHtmlCache Behavior [ RunTime:0.000222s ]
INFO: [ app_begin ] --END-- [ RunTime:0.000267s ]
INFO: [ view_template ] --START--
INFO: Run LocationTemplate Behavior [ RunTime:-0.000266s ]
INFO: [ view_template ] --END-- [ RunTime:0.000167s ]
INFO: [ view_parse ] --START--
INFO: Run ParseTemplate Behavior [ RunTime:-0.000452s ]
INFO: [ view_parse ] --END-- [ RunTime:0.002989s ]
INFO: [ view_filter ] --START--
INFO: Run ContentReplace Behavior [ RunTime:-0.003464s ]
INFO: Run TokenBuild Behavior [ RunTime:-0.003643s ]
INFO: Run WriteHtmlCache Behavior [ RunTime:-0.003815s ]
INFO: Run ShowRuntime Behavior [ RunTime:-0.003922s ]
INFO: [ view_filter ] --END-- [ RunTime:0.000699s ]
INFO: [ view_end ] --START--
INFO: Run ShowPageTrace Behavior [ RunTime:-0.004209s ]
INFO: [ view_end ] --END-- [ RunTime:0.000291s ]

[ 2012-11-14T20:43:41+08:00 ] 127.0.0.1 /~chenyang/firstphpsite/fp-admin/index.php
INFO: [ app_begin ] --START--
INFO: Run ReadHtmlCache Behavior [ RunTime:0.000228s ]
INFO: [ app_begin ] --END-- [ RunTime:0.000272s ]
INFO: [ view_template ] --START--
INFO: Run LocationTemplate Behavior [ RunTime:-0.000271s ]
INFO: [ view_template ] --END-- [ RunTime:0.000171s ]
INFO: [ view_parse ] --START--
INFO: Run ParseTemplate Behavior [ RunTime:-0.000462s ]
INFO: [ view_parse ] --END-- [ RunTime:0.003090s ]
INFO: [ view_filter ] --START--
INFO: Run ContentReplace Behavior [ RunTime:-0.003577s ]
INFO: Run TokenBuild Behavior [ RunTime:-0.003746s ]
INFO: Run WriteHtmlCache Behavior [ RunTime:-0.003914s ]
INFO: Run ShowRuntime Behavior [ RunTime:-0.004024s ]
INFO: [ view_filter ] --END-- [ RunTime:0.000670s ]
INFO: [ view_end ] --START--
INFO: Run ShowPageTrace Behavior [ RunTime:-0.004287s ]
INFO: [ view_end ] --END-- [ RunTime:0.000290s ]

[ 2012-11-14T20:43:44+08:00 ] 127.0.0.1 /~chenyang/firstphpsite/fp-admin/index.php
INFO: [ app_begin ] --START--
INFO: Run ReadHtmlCache Behavior [ RunTime:0.000250s ]
INFO: [ app_begin ] --END-- [ RunTime:0.000297s ]
INFO: [ view_template ] --START--
INFO: Run LocationTemplate Behavior [ RunTime:-0.000293s ]
INFO: [ view_template ] --END-- [ RunTime:0.000199s ]
INFO: [ view_parse ] --START--
INFO: Run ParseTemplate Behavior [ RunTime:-0.000510s ]
INFO: [ view_parse ] --END-- [ RunTime:0.003062s ]
INFO: [ view_filter ] --START--
INFO: Run ContentReplace Behavior [ RunTime:-0.003595s ]
INFO: Run TokenBuild Behavior [ RunTime:-0.003769s ]
INFO: Run WriteHtmlCache Behavior [ RunTime:-0.003948s ]
INFO: Run ShowRuntime Behavior [ RunTime:-0.004056s ]
INFO: [ view_filter ] --END-- [ RunTime:0.000675s ]
INFO: [ view_end ] --START--
INFO: Run ShowPageTrace Behavior [ RunTime:-0.004306s ]
INFO: [ view_end ] --END-- [ RunTime:0.000288s ]

[ 2012-11-14T20:46:30+08:00 ] 127.0.0.1 /~chenyang/firstphpsite/fp-admin/index.php
INFO: [ app_begin ] --START--
INFO: Run ReadHtmlCache Behavior [ RunTime:0.000268s ]
INFO: [ app_begin ] --END-- [ RunTime:0.000325s ]
INFO: [ view_template ] --START--
INFO: Run LocationTemplate Behavior [ RunTime:-0.000386s ]
INFO: [ view_template ] --END-- [ RunTime:0.000226s ]
INFO: [ view_parse ] --START--
INFO: Run ParseTemplate Behavior [ RunTime:-0.000631s ]
INFO: [ view_parse ] --END-- [ RunTime:0.003732s ]
INFO: [ view_filter ] --START--
INFO: Run ContentReplace Behavior [ RunTime:-0.004402s ]
INFO: Run TokenBuild Behavior [ RunTime:-0.004629s ]
INFO: Run WriteHtmlCache Behavior [ RunTime:-0.004808s ]
INFO: Run ShowRuntime Behavior [ RunTime:-0.004928s ]
INFO: [ view_filter ] --END-- [ RunTime:0.000773s ]
INFO: [ view_end ] --START--
INFO: Run ShowPageTrace Behavior [ RunTime:-0.005207s ]
INFO: [ view_end ] --END-- [ RunTime:0.000329s ]

[ 2012-11-14T20:46:33+08:00 ] 127.0.0.1 /~chenyang/firstphpsite/fp-admin/index.php
INFO: [ app_begin ] --START--
INFO: Run ReadHtmlCache Behavior [ RunTime:0.000227s ]
INFO: [ app_begin ] --END-- [ RunTime:0.000274s ]
INFO: [ view_template ] --START--
INFO: Run LocationTemplate Behavior [ RunTime:-0.000276s ]
INFO: [ view_template ] --END-- [ RunTime:0.000170s ]
INFO: [ view_parse ] --START--
INFO: Run ParseTemplate Behavior [ RunTime:-0.000466s ]
INFO: [ view_parse ] --END-- [ RunTime:0.003146s ]
INFO: [ view_filter ] --START--
INFO: Run ContentReplace Behavior [ RunTime:-0.003639s ]
INFO: Run TokenBuild Behavior [ RunTime:-0.003834s ]
INFO: Run WriteHtmlCache Behavior [ RunTime:-0.004011s ]
INFO: Run ShowRuntime Behavior [ RunTime:-0.004122s ]
INFO: [ view_filter ] --END-- [ RunTime:0.000709s ]
INFO: [ view_end ] --START--
INFO: Run ShowPageTrace Behavior [ RunTime:-0.004386s ]
INFO: [ view_end ] --END-- [ RunTime:0.000291s ]

[ 2012-11-14T20:46:33+08:00 ] 127.0.0.1 /~chenyang/firstphpsite/fp-admin/index.php
INFO: [ app_begin ] --START--
INFO: Run ReadHtmlCache Behavior [ RunTime:0.000240s ]
INFO: [ app_begin ] --END-- [ RunTime:0.000286s ]
INFO: [ view_template ] --START--
INFO: Run LocationTemplate Behavior [ RunTime:-0.000270s ]
INFO: [ view_template ] --END-- [ RunTime:0.000169s ]
INFO: [ view_parse ] --START--
INFO: Run ParseTemplate Behavior [ RunTime:-0.000460s ]
INFO: [ view_parse ] --END-- [ RunTime:0.003026s ]
INFO: [ view_filter ] --START--
INFO: Run ContentReplace Behavior [ RunTime:-0.003507s ]
INFO: Run TokenBuild Behavior [ RunTime:-0.003678s ]
INFO: Run WriteHtmlCache Behavior [ RunTime:-0.003848s ]
INFO: Run ShowRuntime Behavior [ RunTime:-0.003953s ]
INFO: [ view_filter ] --END-- [ RunTime:0.000662s ]
INFO: [ view_end ] --START--
INFO: Run ShowPageTrace Behavior [ RunTime:-0.004204s ]
INFO: [ view_end ] --END-- [ RunTime:0.000275s ]

[ 2012-11-14T20:46:34+08:00 ] 127.0.0.1 /~chenyang/firstphpsite/fp-admin/index.php
INFO: [ app_begin ] --START--
INFO: Run ReadHtmlCache Behavior [ RunTime:0.000241s ]
INFO: [ app_begin ] --END-- [ RunTime:0.000291s ]
INFO: [ view_template ] --START--
INFO: Run LocationTemplate Behavior [ RunTime:-0.000298s ]
INFO: [ view_template ] --END-- [ RunTime:0.000170s ]
INFO: [ view_parse ] --START--
INFO: Run ParseTemplate Behavior [ RunTime:-0.000488s ]
INFO: [ view_parse ] --END-- [ RunTime:0.003085s ]
INFO: [ view_filter ] --START--
INFO: Run ContentReplace Behavior [ RunTime:-0.003598s ]
INFO: Run TokenBuild Behavior [ RunTime:-0.003768s ]
INFO: Run WriteHtmlCache Behavior [ RunTime:-0.003935s ]
INFO: Run ShowRuntime Behavior [ RunTime:-0.004048s ]
INFO: [ view_filter ] --END-- [ RunTime:0.000673s ]
INFO: [ view_end ] --START--
INFO: Run ShowPageTrace Behavior [ RunTime:-0.004316s ]
INFO: [ view_end ] --END-- [ RunTime:0.000302s ]

[ 2012-11-14T20:46:34+08:00 ] 127.0.0.1 /~chenyang/firstphpsite/fp-admin/index.php
INFO: [ app_begin ] --START--
INFO: Run ReadHtmlCache Behavior [ RunTime:0.000244s ]
INFO: [ app_begin ] --END-- [ RunTime:0.000296s ]
INFO: [ view_template ] --START--
INFO: Run LocationTemplate Behavior [ RunTime:-0.000318s ]
INFO: [ view_template ] --END-- [ RunTime:0.000182s ]
INFO: [ view_parse ] --START--
INFO: Run ParseTemplate Behavior [ RunTime:-0.000522s ]
INFO: [ view_parse ] --END-- [ RunTime:0.003236s ]
INFO: [ view_filter ] --START--
INFO: Run ContentReplace Behavior [ RunTime:-0.003783s ]
INFO: Run TokenBuild Behavior [ RunTime:-0.003969s ]
INFO: Run WriteHtmlCache Behavior [ RunTime:-0.004198s ]
INFO: Run ShowRuntime Behavior [ RunTime:-0.004323s ]
INFO: [ view_filter ] --END-- [ RunTime:0.000777s ]
INFO: [ view_end ] --START--
INFO: Run ShowPageTrace Behavior [ RunTime:-0.004605s ]
INFO: [ view_end ] --END-- [ RunTime:0.000301s ]

[ 2012-11-14T20:47:47+08:00 ] 127.0.0.1 /~chenyang/firstphpsite/fp-admin/index.php
INFO: [ app_begin ] --START--
INFO: Run ReadHtmlCache Behavior [ RunTime:0.000228s ]
INFO: [ app_begin ] --END-- [ RunTime:0.000274s ]
INFO: [ view_template ] --START--
INFO: Run LocationTemplate Behavior [ RunTime:-0.000280s ]
INFO: [ view_template ] --END-- [ RunTime:0.000169s ]
INFO: [ view_parse ] --START--
INFO: Run ParseTemplate Behavior [ RunTime:-0.000470s ]
INFO: [ view_parse ] --END-- [ RunTime:0.003015s ]
INFO: [ view_filter ] --START--
INFO: Run ContentReplace Behavior [ RunTime:-0.003519s ]
INFO: Run TokenBuild Behavior [ RunTime:-0.003714s ]
INFO: Run WriteHtmlCache Behavior [ RunTime:-0.003884s ]
INFO: Run ShowRuntime Behavior [ RunTime:-0.003995s ]
INFO: [ view_filter ] --END-- [ RunTime:0.000696s ]
INFO: [ view_end ] --START--
INFO: Run ShowPageTrace Behavior [ RunTime:-0.004248s ]
INFO: [ view_end ] --END-- [ RunTime:0.000283s ]

[ 2012-11-14T20:47:49+08:00 ] 127.0.0.1 /~chenyang/firstphpsite/fp-admin/index.php
INFO: [ app_begin ] --START--
INFO: Run ReadHtmlCache Behavior [ RunTime:0.000234s ]
INFO: [ app_begin ] --END-- [ RunTime:0.000284s ]
INFO: [ view_template ] --START--
INFO: Run LocationTemplate Behavior [ RunTime:-0.000283s ]
INFO: [ view_template ] --END-- [ RunTime:0.000174s ]
INFO: [ view_parse ] --START--
INFO: Run ParseTemplate Behavior [ RunTime:-0.000488s ]
INFO: [ view_parse ] --END-- [ RunTime:0.003091s ]
INFO: [ view_filter ] --START--
INFO: Run ContentReplace Behavior [ RunTime:-0.003614s ]
INFO: Run TokenBuild Behavior [ RunTime:-0.003806s ]
INFO: Run WriteHtmlCache Behavior [ RunTime:-0.003976s ]
INFO: Run ShowRuntime Behavior [ RunTime:-0.004100s ]
INFO: [ view_filter ] --END-- [ RunTime:0.000738s ]
INFO: [ view_end ] --START--
INFO: Run ShowPageTrace Behavior [ RunTime:-0.004399s ]
INFO: [ view_end ] --END-- [ RunTime:0.000372s ]

[ 2012-11-14T20:48:10+08:00 ] 127.0.0.1 /~chenyang/firstphpsite/fp-admin/index.php
INFO: [ app_begin ] --START--
INFO: Run ReadHtmlCache Behavior [ RunTime:0.000244s ]
INFO: [ app_begin ] --END-- [ RunTime:0.000296s ]
INFO: [ view_template ] --START--
INFO: Run LocationTemplate Behavior [ RunTime:-0.000294s ]
INFO: [ view_template ] --END-- [ RunTime:0.000182s ]
INFO: [ view_parse ] --START--
INFO: Run ParseTemplate Behavior [ RunTime:-0.000498s ]
INFO: [ view_parse ] --END-- [ RunTime:0.003142s ]
INFO: [ view_filter ] --START--
INFO: Run ContentReplace Behavior [ RunTime:-0.003663s ]
INFO: Run TokenBuild Behavior [ RunTime:-0.003832s ]
INFO: Run WriteHtmlCache Behavior [ RunTime:-0.004002s ]
INFO: Run ShowRuntime Behavior [ RunTime:-0.004111s ]
INFO: [ view_filter ] --END-- [ RunTime:0.000667s ]
INFO: [ view_end ] --START--
INFO: Run ShowPageTrace Behavior [ RunTime:-0.004365s ]
INFO: [ view_end ] --END-- [ RunTime:0.000286s ]

[ 2012-11-14T20:48:51+08:00 ] 127.0.0.1 /~chenyang/firstphpsite/fp-admin/index.php
INFO: [ app_begin ] --START--
INFO: Run ReadHtmlCache Behavior [ RunTime:0.000229s ]
INFO: [ app_begin ] --END-- [ RunTime:0.000273s ]
INFO: [ view_template ] --START--
INFO: Run LocationTemplate Behavior [ RunTime:-0.000276s ]
INFO: [ view_template ] --END-- [ RunTime:0.000171s ]
INFO: [ view_parse ] --START--
INFO: Run ParseTemplate Behavior [ RunTime:-0.000467s ]
INFO: [ view_parse ] --END-- [ RunTime:0.003085s ]
INFO: [ view_filter ] --START--
INFO: Run ContentReplace Behavior [ RunTime:-0.003574s ]
INFO: Run TokenBuild Behavior [ RunTime:-0.003753s ]
INFO: Run WriteHtmlCache Behavior [ RunTime:-0.003942s ]
INFO: Run ShowRuntime Behavior [ RunTime:-0.004056s ]
INFO: [ view_filter ] --END-- [ RunTime:0.000709s ]
INFO: [ view_end ] --START--
INFO: Run ShowPageTrace Behavior [ RunTime:-0.004320s ]
INFO: [ view_end ] --END-- [ RunTime:0.000295s ]

[ 2012-11-14T20:49:02+08:00 ] 127.0.0.1 /~chenyang/firstphpsite/fp-admin/index.php
INFO: [ app_begin ] --START--
INFO: Run ReadHtmlCache Behavior [ RunTime:0.000242s ]
INFO: [ app_begin ] --END-- [ RunTime:0.000294s ]
INFO: [ view_template ] --START--
INFO: Run LocationTemplate Behavior [ RunTime:-0.000295s ]
INFO: [ view_template ] --END-- [ RunTime:0.000173s ]
INFO: [ view_parse ] --START--
INFO: Run ParseTemplate Behavior [ RunTime:-0.000489s ]
INFO: [ view_parse ] --END-- [ RunTime:0.003427s ]
INFO: [ view_filter ] --START--
INFO: Run ContentReplace Behavior [ RunTime:-0.003948s ]
INFO: Run TokenBuild Behavior [ RunTime:-0.004147s ]
INFO: Run WriteHtmlCache Behavior [ RunTime:-0.004339s ]
INFO: Run ShowRuntime Behavior [ RunTime:-0.004471s ]
INFO: [ view_filter ] --END-- [ RunTime:0.000788s ]
INFO: [ view_end ] --START--
INFO: Run ShowPageTrace Behavior [ RunTime:-0.004786s ]
INFO: [ view_end ] --END-- [ RunTime:0.000396s ]

[ 2012-11-14T20:50:07+08:00 ] 127.0.0.1 /~chenyang/firstphpsite/fp-admin/index.php
INFO: [ app_begin ] --START--
INFO: Run ReadHtmlCache Behavior [ RunTime:0.000246s ]
INFO: [ app_begin ] --END-- [ RunTime:0.000296s ]
INFO: [ view_template ] --START--
INFO: Run LocationTemplate Behavior [ RunTime:-0.000291s ]
INFO: [ view_template ] --END-- [ RunTime:0.000182s ]
INFO: [ view_parse ] --START--
INFO: Run ParseTemplate Behavior [ RunTime:-0.000495s ]
INFO: [ view_parse ] --END-- [ RunTime:0.003363s ]
INFO: [ view_filter ] --START--
INFO: Run ContentReplace Behavior [ RunTime:-0.003887s ]
INFO: Run TokenBuild Behavior [ RunTime:-0.004087s ]
INFO: Run WriteHtmlCache Behavior [ RunTime:-0.004270s ]
INFO: Run ShowRuntime Behavior [ RunTime:-0.004388s ]
INFO: [ view_filter ] --END-- [ RunTime:0.000742s ]
INFO: [ view_end ] --START--
INFO: Run ShowPageTrace Behavior [ RunTime:-0.004670s ]
INFO: [ view_end ] --END-- [ RunTime:0.000316s ]

