[ 2012-11-04T22:35:49+08:00 ] 0.0.0.0 /~chenyang/firstPhpSite/fp-admin/
INFO: [ app_begin ] --START--
INFO: Run ReadHtmlCache Behavior [ RunTime:0.000276s ]
INFO: [ app_begin ] --END-- [ RunTime:0.000329s ]
INFO: [ view_parse ] --START--
INFO: Run ParseTemplate Behavior [ RunTime:-0.000288s ]
INFO: [ view_parse ] --END-- [ RunTime:0.002847s ]
INFO: [ view_filter ] --START--
INFO: Run ContentReplace Behavior [ RunTime:-0.003171s ]
INFO: Run TokenBuild Behavior [ RunTime:-0.003350s ]
INFO: Run WriteHtmlCache Behavior [ RunTime:-0.003517s ]
INFO: Run ShowRuntime Behavior [ RunTime:-0.003625s ]
INFO: [ view_filter ] --END-- [ RunTime:0.000690s ]
INFO: [ view_end ] --START--
INFO: Run ShowPageTrace Behavior [ RunTime:-0.003877s ]
INFO: [ view_end ] --END-- [ RunTime:0.000276s ]

[ 2012-11-04T22:36:56+08:00 ] 0.0.0.0 /~chenyang/firstPhpSite/fp-admin/
INFO: [ app_begin ] --START--
INFO: Run ReadHtmlCache Behavior [ RunTime:0.000234s ]
INFO: [ app_begin ] --END-- [ RunTime:0.000280s ]

[ 2012-11-04T22:52:11+08:00 ] 0.0.0.0 /~chenyang/firstPhpSite/fp-admin/
INFO: [ app_begin ] --START--
INFO: Run ReadHtmlCache Behavior [ RunTime:0.000225s ]
INFO: [ app_begin ] --END-- [ RunTime:0.000269s ]

