[ 2012-11-15T22:22:23+08:00 ] 127.0.0.1 /~chenyang/firstphpsite/fp-admin/index.php
INFO: [ app_begin ] --START--
INFO: Run ReadHtmlCache Behavior [ RunTime:0.000508s ]
INFO: [ app_begin ] --END-- [ RunTime:0.000601s ]
INFO: [ view_template ] --START--
INFO: Run LocationTemplate Behavior [ RunTime:-0.000537s ]
INFO: [ view_template ] --END-- [ RunTime:0.000444s ]
INFO: [ view_parse ] --START--
NOTIC: [8] Undefined variable: loginFlag /Users/chenyang/Sites/firstphpsite/fp-admin/Runtime/Cache/30a96590668ee03c290f07ec8ee994e3.php 第 40 行.
INFO: Run ParseTemplate Behavior [ RunTime:-0.001011s ]
INFO: [ view_parse ] --END-- [ RunTime:0.013940s ]
INFO: [ view_filter ] --START--
INFO: Run ContentReplace Behavior [ RunTime:-0.014997s ]
INFO: Run TokenBuild Behavior [ RunTime:-0.028991s ]
INFO: Run WriteHtmlCache Behavior [ RunTime:-0.051877s ]
INFO: Run ShowRuntime Behavior [ RunTime:-0.052559s ]
INFO: [ view_filter ] --END-- [ RunTime:0.038334s ]
INFO: [ view_end ] --START--
INFO: Run ShowPageTrace Behavior [ RunTime:-0.053399s ]
INFO: [ view_end ] --END-- [ RunTime:0.000863s ]

[ 2012-11-15T22:22:27+08:00 ] 127.0.0.1 /~chenyang/firstphpsite/fp-admin/index.php/Index/
INFO: [ route_check ] --START--
INFO: Run CheckRoute Behavior [ RunTime:0.037191s ]
INFO: [ route_check ] --END-- [ RunTime:0.037257s ]
INFO: [ app_begin ] --START--
INFO: Run ReadHtmlCache Behavior [ RunTime:-0.000237s ]
INFO: [ app_begin ] --END-- [ RunTime:0.000315s ]
INFO: [ view_template ] --START--
INFO: Run LocationTemplate Behavior [ RunTime:-0.000805s ]
INFO: [ view_template ] --END-- [ RunTime:0.000161s ]
INFO: [ view_parse ] --START--
NOTIC: [8] Undefined variable: loginFlag /Users/chenyang/Sites/firstphpsite/fp-admin/Runtime/Cache/30a96590668ee03c290f07ec8ee994e3.php 第 40 行.
INFO: Run ParseTemplate Behavior [ RunTime:-0.000991s ]
INFO: [ view_parse ] --END-- [ RunTime:0.003096s ]
INFO: [ view_filter ] --START--
INFO: Run ContentReplace Behavior [ RunTime:-0.004107s ]
INFO: Run TokenBuild Behavior [ RunTime:-0.004292s ]
INFO: Run WriteHtmlCache Behavior [ RunTime:-0.004453s ]
INFO: Run ShowRuntime Behavior [ RunTime:-0.004563s ]
INFO: [ view_filter ] --END-- [ RunTime:0.000665s ]
INFO: [ view_end ] --START--
INFO: Run ShowPageTrace Behavior [ RunTime:-0.004802s ]
INFO: [ view_end ] --END-- [ RunTime:0.000297s ]

[ 2012-11-15T22:22:31+08:00 ] 127.0.0.1 /~chenyang/firstphpsite/fp-admin/index.php/Index/login
INFO: [ route_check ] --START--
INFO: Run CheckRoute Behavior [ RunTime:0.000519s ]
INFO: [ route_check ] --END-- [ RunTime:0.000583s ]
INFO: [ app_begin ] --START--
INFO: Run ReadHtmlCache Behavior [ RunTime:-0.000296s ]
INFO: [ app_begin ] --END-- [ RunTime:0.000389s ]
NOTIC: [8] A session had already been started - ignoring session_start() /Users/chenyang/Sites/firstphpsite/fp-admin/Lib/Action/IndexAction.class.php 第 12 行.
INFO: [ view_template ] --START--
INFO: Run LocationTemplate Behavior [ RunTime:-0.001072s ]
INFO: [ view_template ] --END-- [ RunTime:0.000266s ]
INFO: [ view_parse ] --START--
INFO: Run ParseTemplate Behavior [ RunTime:-0.001385s ]
INFO: [ view_parse ] --END-- [ RunTime:0.021612s ]
INFO: [ view_filter ] --START--
INFO: Run ContentReplace Behavior [ RunTime:-0.023017s ]
INFO: Run TokenBuild Behavior [ RunTime:-0.023175s ]
INFO: Run WriteHtmlCache Behavior [ RunTime:-0.023348s ]
INFO: Run ShowRuntime Behavior [ RunTime:-0.023463s ]
INFO: [ view_filter ] --END-- [ RunTime:0.000673s ]
INFO: [ view_end ] --START--
INFO: Run ShowPageTrace Behavior [ RunTime:-0.023724s ]
INFO: [ view_end ] --END-- [ RunTime:0.000290s ]

