[ 2012-11-20T19:28:29+08:00 ] 127.0.0.1 /~chenyang/firstphpsite/fp-admin/index.php/index/
INFO: [ route_check ] --START--
INFO: Run CheckRoute Behavior [ RunTime:0.000815s ]
INFO: [ route_check ] --END-- [ RunTime:0.000905s ]
INFO: [ app_begin ] --START--
INFO: Run ReadHtmlCache Behavior [ RunTime:-0.000336s ]
INFO: [ app_begin ] --END-- [ RunTime:0.000728s ]
INFO: [ view_template ] --START--
INFO: Run LocationTemplate Behavior [ RunTime:-0.019784s ]
INFO: [ view_template ] --END-- [ RunTime:0.001414s ]
INFO: [ view_parse ] --START--
NOTIC: [8] Undefined variable: loginFlag /Users/chenyang/Sites/firstphpsite/fp-admin/Runtime/Cache/fb2d4fa5a607e13993b284b510c7a660.php 第 40 行.
INFO: Run ParseTemplate Behavior [ RunTime:-0.021228s ]
INFO: [ view_parse ] --END-- [ RunTime:0.052924s ]
INFO: [ view_filter ] --START--
INFO: Run ContentReplace Behavior [ RunTime:-0.074175s ]
INFO: Run TokenBuild Behavior [ RunTime:-0.091011s ]
INFO: Run WriteHtmlCache Behavior [ RunTime:-0.114246s ]
INFO: Run ShowRuntime Behavior [ RunTime:-0.115578s ]
INFO: [ view_filter ] --END-- [ RunTime:0.042189s ]
INFO: [ view_end ] --START--
INFO: Run ShowPageTrace Behavior [ RunTime:-0.116417s ]
INFO: [ view_end ] --END-- [ RunTime:0.000865s ]

